#
# There is insufficient memory for the Java Runtime Environment to continue.
# Native memory allocation (mmap) failed to map 384827392 bytes. Error detail: G1 virtual space
# Possible reasons:
#   The system is out of physical RAM or swap space
#   This process is running with CompressedOops enabled, and the Java Heap may be blocking the growth of the native heap
# Possible solutions:
#   Reduce memory load on the system
#   Increase physical memory or swap space
#   Check if swap backing store is full
#   Decrease Java heap size (-Xmx/-Xms)
#   Decrease number of Java threads
#   Decrease Java thread stack sizes (-Xss)
#   Set larger code cache with -XX:ReservedCodeCacheSize=
#   JVM is running with Unscaled Compressed Oops mode in which the Java heap is
#     placed in the first 4GB address space. The Java Heap base address is the
#     maximum limit for the native heap growth. Please use -XX:HeapBaseMinAddress
#     to set the Java Heap base and to place the Java Heap above 4GB virtual address.
# This output file may be truncated or incomplete.
#
#  Out of Memory Error (os_windows.cpp:3713), pid=19580, tid=3188
#
# JRE version: OpenJDK Runtime Environment Temurin-21.0.8+9 (21.0.8+9) (build 21.0.8+9-LTS)
# Java VM: OpenJDK 64-Bit Server VM Temurin-21.0.8+9 (21.0.8+9-LTS, mixed mode, sharing, tiered, compressed oops, compressed class ptrs, g1 gc, windows-amd64)
# No core dump will be written. Minidumps are not enabled by default on client versions of Windows
#

---------------  S U M M A R Y ------------

Command Line: -Dfile.encoding=UTF-8 -Dstdout.encoding=UTF-8 -Dstderr.encoding=UTF-8 --module-path=C:\Users\user\Downloads\mysql-connector-j-9.5.0.jar -XX:+ShowCodeDetailsInExceptionMessages main.Projet

Host: Intel(R) Core(TM) i3-N305, 8 cores, 7G,  Windows 11 , 64 bit Build 22621 (10.0.22621.1105)
Time: Sat May  9 01:23:12 2026 Afr. centrale Ouest elapsed time: 5.535310 seconds (0d 0h 0m 5s)

---------------  T H R E A D  ---------------

Current thread (0x0000016420cc31a0):  VMThread "VM Thread"          [id=3188, stack(0x0000003b5d300000,0x0000003b5d400000) (1024K)]

Stack: [0x0000003b5d300000,0x0000003b5d400000]
Native frames: (J=compiled Java code, j=interpreted, Vv=VM code, C=native code)
V  [jvm.dll+0x6d2449]
V  [jvm.dll+0x8ae341]
V  [jvm.dll+0x8b08be]
V  [jvm.dll+0x8b0fa3]
V  [jvm.dll+0x280c96]
V  [jvm.dll+0x6cec15]
V  [jvm.dll+0x6c2c3a]
V  [jvm.dll+0x35867a]
V  [jvm.dll+0x360246]
V  [jvm.dll+0x3b1f9e]
V  [jvm.dll+0x3b2248]
V  [jvm.dll+0x32c8fc]
V  [jvm.dll+0x32c987]
V  [jvm.dll+0x3706fc]
V  [jvm.dll+0x36ef48]
V  [jvm.dll+0x32c0c1]
V  [jvm.dll+0x36e978]
V  [jvm.dll+0x8b6cbf]
V  [jvm.dll+0x8b8044]
V  [jvm.dll+0x8b8580]
V  [jvm.dll+0x8b8823]
V  [jvm.dll+0x857e6b]
V  [jvm.dll+0x6d0b0d]
C  [ucrtbase.dll+0x29363]
C  [KERNEL32.DLL+0x126bd]
C  [ntdll.dll+0x5dfb8]

VM_Operation (0x0000003b5e1fdee0): G1TryInitiateConcMark, mode: safepoint, requested by thread 0x0000016466e87550


---------------  P R O C E S S  ---------------

Threads class SMR info:
_java_thread_list=0x0000016466ebd210, length=17, elements={
0x0000016420cd49b0, 0x0000016420cd5400, 0x0000016420cdb0d0, 0x0000016420cdbed0,
0x0000016420cdc920, 0x0000016420cdd370, 0x0000016420cdf100, 0x0000016420cdfcc0,
0x0000016420caf950, 0x0000016466258310, 0x0000016466365ca0, 0x0000016466366300,
0x000001646636aba0, 0x0000016466e87550, 0x0000016406ca44e0, 0x00000164660b4650,
0x00000164670b7a20
}

Java Threads: ( => current thread )
  0x0000016420cd49b0 JavaThread "Reference Handler"          daemon [_thread_blocked, id=15792, stack(0x0000003b5d400000,0x0000003b5d500000) (1024K)]
  0x0000016420cd5400 JavaThread "Finalizer"                  daemon [_thread_blocked, id=2644, stack(0x0000003b5d500000,0x0000003b5d600000) (1024K)]
  0x0000016420cdb0d0 JavaThread "Signal Dispatcher"          daemon [_thread_blocked, id=6840, stack(0x0000003b5d600000,0x0000003b5d700000) (1024K)]
  0x0000016420cdbed0 JavaThread "Attach Listener"            daemon [_thread_blocked, id=304, stack(0x0000003b5d700000,0x0000003b5d800000) (1024K)]
  0x0000016420cdc920 JavaThread "Service Thread"             daemon [_thread_blocked, id=18656, stack(0x0000003b5d800000,0x0000003b5d900000) (1024K)]
  0x0000016420cdd370 JavaThread "Monitor Deflation Thread"   daemon [_thread_blocked, id=1692, stack(0x0000003b5d900000,0x0000003b5da00000) (1024K)]
  0x0000016420cdf100 JavaThread "C2 CompilerThread0"         daemon [_thread_blocked, id=23960, stack(0x0000003b5da00000,0x0000003b5db00000) (1024K)]
  0x0000016420cdfcc0 JavaThread "C1 CompilerThread0"         daemon [_thread_blocked, id=18312, stack(0x0000003b5db00000,0x0000003b5dc00000) (1024K)]
  0x0000016420caf950 JavaThread "Common-Cleaner"             daemon [_thread_blocked, id=25048, stack(0x0000003b5dc00000,0x0000003b5dd00000) (1024K)]
  0x0000016466258310 JavaThread "Notification Thread"        daemon [_thread_blocked, id=17492, stack(0x0000003b5dd00000,0x0000003b5de00000) (1024K)]
  0x0000016466365ca0 JavaThread "Java2D Disposer"            daemon [_thread_blocked, id=25072, stack(0x0000003b5de00000,0x0000003b5df00000) (1024K)]
  0x0000016466366300 JavaThread "AWT-Shutdown"                      [_thread_blocked, id=20804, stack(0x0000003b5df00000,0x0000003b5e000000) (1024K)]
  0x000001646636aba0 JavaThread "AWT-Windows"                daemon [_thread_in_native, id=17360, stack(0x0000003b5e000000,0x0000003b5e100000) (1024K)]
  0x0000016466e87550 JavaThread "AWT-EventQueue-0"                  [_thread_blocked, id=15256, stack(0x0000003b5e100000,0x0000003b5e200000) (1024K)]
  0x0000016406ca44e0 JavaThread "DestroyJavaVM"                     [_thread_blocked, id=21216, stack(0x0000003b5cc00000,0x0000003b5cd00000) (1024K)]
  0x00000164660b4650 JavaThread "TimerQueue"                 daemon [_thread_blocked, id=25004, stack(0x0000003b5e200000,0x0000003b5e300000) (1024K)]
  0x00000164670b7a20 JavaThread "Image Fetcher 0"            daemon [_thread_blocked, id=13592, stack(0x0000003b5e300000,0x0000003b5e400000) (1024K)]
Total: 17

Other Threads:
=>0x0000016420cc31a0 VMThread "VM Thread"                           [id=3188, stack(0x0000003b5d300000,0x0000003b5d400000) (1024K)]
  0x0000016420caefd0 WatcherThread "VM Periodic Task Thread"        [id=24260, stack(0x0000003b5d200000,0x0000003b5d300000) (1024K)]
  0x0000016408fba540 WorkerThread "GC Thread#0"                     [id=23956, stack(0x0000003b5cd00000,0x0000003b5ce00000) (1024K)]
  0x00000164670f8630 WorkerThread "GC Thread#1"                     [id=18588, stack(0x0000003b5e400000,0x0000003b5e500000) (1024K)]
  0x00000164670f89d0 WorkerThread "GC Thread#2"                     [id=25516, stack(0x0000003b5e500000,0x0000003b5e600000) (1024K)]
  0x00000164670f8d70 WorkerThread "GC Thread#3"                     [id=1852, stack(0x0000003b5e600000,0x0000003b5e700000) (1024K)]
  0x00000164670f9110 WorkerThread "GC Thread#4"                     [id=19848, stack(0x0000003b5e700000,0x0000003b5e800000) (1024K)]
  0x00000164670f94b0 WorkerThread "GC Thread#5"                     [id=10588, stack(0x0000003b5e800000,0x0000003b5e900000) (1024K)]
  0x0000016467121c20 WorkerThread "GC Thread#6"                     [id=24744, stack(0x0000003b5e900000,0x0000003b5ea00000) (1024K)]
  0x0000016467121fc0 WorkerThread "GC Thread#7"                     [id=11088, stack(0x0000003b5ea00000,0x0000003b5eb00000) (1024K)]
  0x0000016408fcb110 ConcurrentGCThread "G1 Main Marker"            [id=8240, stack(0x0000003b5ce00000,0x0000003b5cf00000) (1024K)]
  0x0000016408fcbab0 WorkerThread "G1 Conc#0"                       [id=8296, stack(0x0000003b5cf00000,0x0000003b5d000000) (1024K)]
  0x00000164671f9220 WorkerThread "G1 Conc#1"                       [id=21768, stack(0x0000003b5eb00000,0x0000003b5ec00000) (1024K)]
  0x0000016420b7c8d0 ConcurrentGCThread "G1 Refine#0"               [id=12508, stack(0x0000003b5d000000,0x0000003b5d100000) (1024K)]
  0x0000016420b7f1f0 ConcurrentGCThread "G1 Service"                [id=19896, stack(0x0000003b5d100000,0x0000003b5d200000) (1024K)]
Total: 15

Threads with active compile tasks:
C1 CompilerThread0  5579 1268       3       javax.swing.JComponent::getFlag (20 bytes)
Total: 1

VM state: at safepoint (normal execution)

VM Mutex/Monitor currently owned by a thread:  ([mutex/lock_event])
[0x00007ffa47895458] Threads_lock - owner thread: 0x0000016420cc31a0
[0x00007ffa47895558] Heap_lock - owner thread: 0x0000016466e87550

Heap address: 0x0000000085600000, size: 1962 MB, Compressed Oops mode: 32-bit

CDS archive(s) mapped at: [0x0000016421000000-0x0000016421c80000-0x0000016421c80000), size 13107200, SharedBaseAddress: 0x0000016421000000, ArchiveRelocationMode: 1.
Compressed class space mapped at: 0x0000016422000000-0x0000016462000000, reserved size: 1073741824
Narrow klass base: 0x0000016421000000, Narrow klass shift: 0, Narrow klass range: 0x100000000

GC Precious Log:
 CardTable entry size: 512
 Card Set container configuration: InlinePtr #cards 5 size 8 Array Of Cards #cards 12 size 40 Howl #buckets 4 coarsen threshold 1843 Howl Bitmap #cards 512 size 80 coarsen threshold 460 Card regions per heap region 1 cards per card region 2048
 CPUs: 8 total, 8 available
 Memory: 7845M
 Large Page Support: Disabled
 NUMA Support: Disabled
 Compressed Oops: Enabled (32-bit)
 Heap Region Size: 1M
 Heap Min Capacity: 8M
 Heap Initial Capacity: 124M
 Heap Max Capacity: 1962M
 Pre-touch: Disabled
 Parallel Workers: 8
 Concurrent Workers: 2
 Concurrent Refinement Workers: 8
 Periodic GC: Disabled

Heap:
 garbage-first heap   total 332800K, used 198726K [0x0000000085600000, 0x0000000100000000)
  region size 1024K, 1 young (1024K), 1 survivors (1024K)
 Metaspace       used 9750K, committed 9984K, reserved 1114112K
  class space    used 1113K, committed 1216K, reserved 1048576K

Heap Regions: E=young(eden), S=young(survivor), O=old, HS=humongous(starts), HC=humongous(continues), CS=collection set, F=free, TAMS=top-at-mark-start, PB=parsable bottom
|   0|0x0000000085600000, 0x0000000085700000, 0x0000000085700000|100%| O|  |TAMS 0x0000000085700000| PB 0x0000000085600000| Untracked 
|   1|0x0000000085700000, 0x0000000085800000, 0x0000000085800000|100%| O|  |TAMS 0x0000000085800000| PB 0x0000000085700000| Untracked 
|   2|0x0000000085800000, 0x0000000085828500, 0x0000000085900000| 15%| O|  |TAMS 0x0000000085828500| PB 0x0000000085800000| Untracked 
|   3|0x0000000085900000, 0x0000000085900000, 0x0000000085a00000|  0%| F|  |TAMS 0x0000000085900000| PB 0x0000000085900000| Untracked 
|   4|0x0000000085a00000, 0x0000000085b00000, 0x0000000085b00000|100%|HS|  |TAMS 0x0000000085b00000| PB 0x0000000085a00000| Complete 
|   5|0x0000000085b00000, 0x0000000085c00000, 0x0000000085c00000|100%|HS|  |TAMS 0x0000000085c00000| PB 0x0000000085b00000| Complete 
|   6|0x0000000085c00000, 0x0000000085d00000, 0x0000000085d00000|100%|HC|  |TAMS 0x0000000085d00000| PB 0x0000000085c00000| Complete 
|   7|0x0000000085d00000, 0x0000000085e00000, 0x0000000085e00000|100%|HC|  |TAMS 0x0000000085e00000| PB 0x0000000085d00000| Complete 
|   8|0x0000000085e00000, 0x0000000085f00000, 0x0000000085f00000|100%|HS|  |TAMS 0x0000000085f00000| PB 0x0000000085e00000| Complete 
|   9|0x0000000085f00000, 0x0000000086000000, 0x0000000086000000|100%|HC|  |TAMS 0x0000000086000000| PB 0x0000000085f00000| Complete 
|  10|0x0000000086000000, 0x0000000086100000, 0x0000000086100000|100%|HC|  |TAMS 0x0000000086100000| PB 0x0000000086000000| Complete 
|  11|0x0000000086100000, 0x0000000086100000, 0x0000000086200000|  0%| F|  |TAMS 0x0000000086100000| PB 0x0000000086100000| Untracked 
|  12|0x0000000086200000, 0x0000000086200000, 0x0000000086300000|  0%| F|  |TAMS 0x0000000086200000| PB 0x0000000086200000| Untracked 
|  13|0x0000000086300000, 0x0000000086300000, 0x0000000086400000|  0%| F|  |TAMS 0x0000000086300000| PB 0x0000000086300000| Untracked 
|  14|0x0000000086400000, 0x0000000086400000, 0x0000000086500000|  0%| F|  |TAMS 0x0000000086400000| PB 0x0000000086400000| Untracked 
|  15|0x0000000086500000, 0x0000000086500000, 0x0000000086600000|  0%| F|  |TAMS 0x0000000086500000| PB 0x0000000086500000| Untracked 
|  16|0x0000000086600000, 0x0000000086600000, 0x0000000086700000|  0%| F|  |TAMS 0x0000000086600000| PB 0x0000000086600000| Untracked 
|  17|0x0000000086700000, 0x0000000086700000, 0x0000000086800000|  0%| F|  |TAMS 0x0000000086700000| PB 0x0000000086700000| Untracked 
|  18|0x0000000086800000, 0x0000000086800000, 0x0000000086900000|  0%| F|  |TAMS 0x0000000086800000| PB 0x0000000086800000| Untracked 
|  19|0x0000000086900000, 0x0000000086900000, 0x0000000086a00000|  0%| F|  |TAMS 0x0000000086900000| PB 0x0000000086900000| Untracked 
|  20|0x0000000086a00000, 0x0000000086a00000, 0x0000000086b00000|  0%| F|  |TAMS 0x0000000086a00000| PB 0x0000000086a00000| Untracked 
|  21|0x0000000086b00000, 0x0000000086b00000, 0x0000000086c00000|  0%| F|  |TAMS 0x0000000086b00000| PB 0x0000000086b00000| Untracked 
|  22|0x0000000086c00000, 0x0000000086c00000, 0x0000000086d00000|  0%| F|  |TAMS 0x0000000086c00000| PB 0x0000000086c00000| Untracked 
|  23|0x0000000086d00000, 0x0000000086d00000, 0x0000000086e00000|  0%| F|  |TAMS 0x0000000086d00000| PB 0x0000000086d00000| Untracked 
|  24|0x0000000086e00000, 0x0000000086e00000, 0x0000000086f00000|  0%| F|  |TAMS 0x0000000086e00000| PB 0x0000000086e00000| Untracked 
|  25|0x0000000086f00000, 0x0000000086f00000, 0x0000000087000000|  0%| F|  |TAMS 0x0000000086f00000| PB 0x0000000086f00000| Untracked 
|  26|0x0000000087000000, 0x0000000087000000, 0x0000000087100000|  0%| F|  |TAMS 0x0000000087000000| PB 0x0000000087000000| Untracked 
|  27|0x0000000087100000, 0x0000000087100000, 0x0000000087200000|  0%| F|  |TAMS 0x0000000087100000| PB 0x0000000087100000| Untracked 
|  28|0x0000000087200000, 0x0000000087200000, 0x0000000087300000|  0%| F|  |TAMS 0x0000000087200000| PB 0x0000000087200000| Untracked 
|  29|0x0000000087300000, 0x0000000087300000, 0x0000000087400000|  0%| F|  |TAMS 0x0000000087300000| PB 0x0000000087300000| Untracked 
|  30|0x0000000087400000, 0x0000000087400000, 0x0000000087500000|  0%| F|  |TAMS 0x0000000087400000| PB 0x0000000087400000| Untracked 
|  31|0x0000000087500000, 0x0000000087500000, 0x0000000087600000|  0%| F|  |TAMS 0x0000000087500000| PB 0x0000000087500000| Untracked 
|  32|0x0000000087600000, 0x0000000087600000, 0x0000000087700000|  0%| F|  |TAMS 0x0000000087600000| PB 0x0000000087600000| Untracked 
|  33|0x0000000087700000, 0x0000000087700000, 0x0000000087800000|  0%| F|  |TAMS 0x0000000087700000| PB 0x0000000087700000| Untracked 
|  34|0x0000000087800000, 0x0000000087800000, 0x0000000087900000|  0%| F|  |TAMS 0x0000000087800000| PB 0x0000000087800000| Untracked 
|  35|0x0000000087900000, 0x0000000087900000, 0x0000000087a00000|  0%| F|  |TAMS 0x0000000087900000| PB 0x0000000087900000| Untracked 
|  36|0x0000000087a00000, 0x0000000087a00000, 0x0000000087b00000|  0%| F|  |TAMS 0x0000000087a00000| PB 0x0000000087a00000| Untracked 
|  37|0x0000000087b00000, 0x0000000087b00000, 0x0000000087c00000|  0%| F|  |TAMS 0x0000000087b00000| PB 0x0000000087b00000| Untracked 
|  38|0x0000000087c00000, 0x0000000087c00000, 0x0000000087d00000|  0%| F|  |TAMS 0x0000000087c00000| PB 0x0000000087c00000| Untracked 
|  39|0x0000000087d00000, 0x0000000087d00000, 0x0000000087e00000|  0%| F|  |TAMS 0x0000000087d00000| PB 0x0000000087d00000| Untracked 
|  40|0x0000000087e00000, 0x0000000087e00000, 0x0000000087f00000|  0%| F|  |TAMS 0x0000000087e00000| PB 0x0000000087e00000| Untracked 
|  41|0x0000000087f00000, 0x0000000087f00000, 0x0000000088000000|  0%| F|  |TAMS 0x0000000087f00000| PB 0x0000000087f00000| Untracked 
|  42|0x0000000088000000, 0x0000000088000000, 0x0000000088100000|  0%| F|  |TAMS 0x0000000088000000| PB 0x0000000088000000| Untracked 
|  43|0x0000000088100000, 0x0000000088100000, 0x0000000088200000|  0%| F|  |TAMS 0x0000000088100000| PB 0x0000000088100000| Untracked 
|  44|0x0000000088200000, 0x0000000088200000, 0x0000000088300000|  0%| F|  |TAMS 0x0000000088200000| PB 0x0000000088200000| Untracked 
|  45|0x0000000088300000, 0x0000000088300000, 0x0000000088400000|  0%| F|  |TAMS 0x0000000088300000| PB 0x0000000088300000| Untracked 
|  46|0x0000000088400000, 0x0000000088400000, 0x0000000088500000|  0%| F|  |TAMS 0x0000000088400000| PB 0x0000000088400000| Untracked 
|  47|0x0000000088500000, 0x0000000088500000, 0x0000000088600000|  0%| F|  |TAMS 0x0000000088500000| PB 0x0000000088500000| Untracked 
|  48|0x0000000088600000, 0x0000000088600000, 0x0000000088700000|  0%| F|  |TAMS 0x0000000088600000| PB 0x0000000088600000| Untracked 
|  49|0x0000000088700000, 0x0000000088700000, 0x0000000088800000|  0%| F|  |TAMS 0x0000000088700000| PB 0x0000000088700000| Untracked 
|  50|0x0000000088800000, 0x0000000088800000, 0x0000000088900000|  0%| F|  |TAMS 0x0000000088800000| PB 0x0000000088800000| Untracked 
|  51|0x0000000088900000, 0x0000000088900000, 0x0000000088a00000|  0%| F|  |TAMS 0x0000000088900000| PB 0x0000000088900000| Untracked 
|  52|0x0000000088a00000, 0x0000000088a00000, 0x0000000088b00000|  0%| F|  |TAMS 0x0000000088a00000| PB 0x0000000088a00000| Untracked 
|  53|0x0000000088b00000, 0x0000000088b00000, 0x0000000088c00000|  0%| F|  |TAMS 0x0000000088b00000| PB 0x0000000088b00000| Untracked 
|  54|0x0000000088c00000, 0x0000000088c00000, 0x0000000088d00000|  0%| F|  |TAMS 0x0000000088c00000| PB 0x0000000088c00000| Untracked 
|  55|0x0000000088d00000, 0x0000000088d00000, 0x0000000088e00000|  0%| F|  |TAMS 0x0000000088d00000| PB 0x0000000088d00000| Untracked 
|  56|0x0000000088e00000, 0x0000000088e00000, 0x0000000088f00000|  0%| F|  |TAMS 0x0000000088e00000| PB 0x0000000088e00000| Untracked 
|  57|0x0000000088f00000, 0x0000000088f00000, 0x0000000089000000|  0%| F|  |TAMS 0x0000000088f00000| PB 0x0000000088f00000| Untracked 
|  58|0x0000000089000000, 0x0000000089000000, 0x0000000089100000|  0%| F|  |TAMS 0x0000000089000000| PB 0x0000000089000000| Untracked 
|  59|0x0000000089100000, 0x0000000089100000, 0x0000000089200000|  0%| F|  |TAMS 0x0000000089100000| PB 0x0000000089100000| Untracked 
|  60|0x0000000089200000, 0x0000000089200000, 0x0000000089300000|  0%| F|  |TAMS 0x0000000089200000| PB 0x0000000089200000| Untracked 
|  61|0x0000000089300000, 0x0000000089300000, 0x0000000089400000|  0%| F|  |TAMS 0x0000000089300000| PB 0x0000000089300000| Untracked 
|  62|0x0000000089400000, 0x0000000089400000, 0x0000000089500000|  0%| F|  |TAMS 0x0000000089400000| PB 0x0000000089400000| Untracked 
|  63|0x0000000089500000, 0x0000000089500000, 0x0000000089600000|  0%| F|  |TAMS 0x0000000089500000| PB 0x0000000089500000| Untracked 
|  64|0x0000000089600000, 0x0000000089600000, 0x0000000089700000|  0%| F|  |TAMS 0x0000000089600000| PB 0x0000000089600000| Untracked 
|  65|0x0000000089700000, 0x0000000089700000, 0x0000000089800000|  0%| F|  |TAMS 0x0000000089700000| PB 0x0000000089700000| Untracked 
|  66|0x0000000089800000, 0x0000000089800000, 0x0000000089900000|  0%| F|  |TAMS 0x0000000089800000| PB 0x0000000089800000| Untracked 
|  67|0x0000000089900000, 0x0000000089900000, 0x0000000089a00000|  0%| F|  |TAMS 0x0000000089900000| PB 0x0000000089900000| Untracked 
|  68|0x0000000089a00000, 0x0000000089a00000, 0x0000000089b00000|  0%| F|  |TAMS 0x0000000089a00000| PB 0x0000000089a00000| Untracked 
|  69|0x0000000089b00000, 0x0000000089b00000, 0x0000000089c00000|  0%| F|  |TAMS 0x0000000089b00000| PB 0x0000000089b00000| Untracked 
|  70|0x0000000089c00000, 0x0000000089c00000, 0x0000000089d00000|  0%| F|  |TAMS 0x0000000089c00000| PB 0x0000000089c00000| Untracked 
|  71|0x0000000089d00000, 0x0000000089d00000, 0x0000000089e00000|  0%| F|  |TAMS 0x0000000089d00000| PB 0x0000000089d00000| Untracked 
|  72|0x0000000089e00000, 0x0000000089e00000, 0x0000000089f00000|  0%| F|  |TAMS 0x0000000089e00000| PB 0x0000000089e00000| Untracked 
|  73|0x0000000089f00000, 0x0000000089f00000, 0x000000008a000000|  0%| F|  |TAMS 0x0000000089f00000| PB 0x0000000089f00000| Untracked 
|  74|0x000000008a000000, 0x000000008a000000, 0x000000008a100000|  0%| F|  |TAMS 0x000000008a000000| PB 0x000000008a000000| Untracked 
|  75|0x000000008a100000, 0x000000008a100000, 0x000000008a200000|  0%| F|  |TAMS 0x000000008a100000| PB 0x000000008a100000| Untracked 
|  76|0x000000008a200000, 0x000000008a200000, 0x000000008a300000|  0%| F|  |TAMS 0x000000008a200000| PB 0x000000008a200000| Untracked 
|  77|0x000000008a300000, 0x000000008a300000, 0x000000008a400000|  0%| F|  |TAMS 0x000000008a300000| PB 0x000000008a300000| Untracked 
|  78|0x000000008a400000, 0x000000008a400000, 0x000000008a500000|  0%| F|  |TAMS 0x000000008a400000| PB 0x000000008a400000| Untracked 
|  79|0x000000008a500000, 0x000000008a500000, 0x000000008a600000|  0%| F|  |TAMS 0x000000008a500000| PB 0x000000008a500000| Untracked 
|  80|0x000000008a600000, 0x000000008a600000, 0x000000008a700000|  0%| F|  |TAMS 0x000000008a600000| PB 0x000000008a600000| Untracked 
|  81|0x000000008a700000, 0x000000008a700000, 0x000000008a800000|  0%| F|  |TAMS 0x000000008a700000| PB 0x000000008a700000| Untracked 
|  82|0x000000008a800000, 0x000000008a800000, 0x000000008a900000|  0%| F|  |TAMS 0x000000008a800000| PB 0x000000008a800000| Untracked 
|  83|0x000000008a900000, 0x000000008a900000, 0x000000008aa00000|  0%| F|  |TAMS 0x000000008a900000| PB 0x000000008a900000| Untracked 
|  84|0x000000008aa00000, 0x000000008aa00000, 0x000000008ab00000|  0%| F|  |TAMS 0x000000008aa00000| PB 0x000000008aa00000| Untracked 
|  85|0x000000008ab00000, 0x000000008ab00000, 0x000000008ac00000|  0%| F|  |TAMS 0x000000008ab00000| PB 0x000000008ab00000| Untracked 
|  86|0x000000008ac00000, 0x000000008ac00000, 0x000000008ad00000|  0%| F|  |TAMS 0x000000008ac00000| PB 0x000000008ac00000| Untracked 
|  87|0x000000008ad00000, 0x000000008ad00000, 0x000000008ae00000|  0%| F|  |TAMS 0x000000008ad00000| PB 0x000000008ad00000| Untracked 
|  88|0x000000008ae00000, 0x000000008ae00000, 0x000000008af00000|  0%| F|  |TAMS 0x000000008ae00000| PB 0x000000008ae00000| Untracked 
|  89|0x000000008af00000, 0x000000008af00000, 0x000000008b000000|  0%| F|  |TAMS 0x000000008af00000| PB 0x000000008af00000| Untracked 
|  90|0x000000008b000000, 0x000000008b000000, 0x000000008b100000|  0%| F|  |TAMS 0x000000008b000000| PB 0x000000008b000000| Untracked 
|  91|0x000000008b100000, 0x000000008b100000, 0x000000008b200000|  0%| F|  |TAMS 0x000000008b100000| PB 0x000000008b100000| Untracked 
|  92|0x000000008b200000, 0x000000008b200000, 0x000000008b300000|  0%| F|  |TAMS 0x000000008b200000| PB 0x000000008b200000| Untracked 
|  93|0x000000008b300000, 0x000000008b300000, 0x000000008b400000|  0%| F|  |TAMS 0x000000008b300000| PB 0x000000008b300000| Untracked 
|  94|0x000000008b400000, 0x000000008b400000, 0x000000008b500000|  0%| F|  |TAMS 0x000000008b400000| PB 0x000000008b400000| Untracked 
|  95|0x000000008b500000, 0x000000008b500000, 0x000000008b600000|  0%| F|  |TAMS 0x000000008b500000| PB 0x000000008b500000| Untracked 
|  96|0x000000008b600000, 0x000000008b600000, 0x000000008b700000|  0%| F|  |TAMS 0x000000008b600000| PB 0x000000008b600000| Untracked 
|  97|0x000000008b700000, 0x000000008b700000, 0x000000008b800000|  0%| F|  |TAMS 0x000000008b700000| PB 0x000000008b700000| Untracked 
|  98|0x000000008b800000, 0x000000008b800000, 0x000000008b900000|  0%| F|  |TAMS 0x000000008b800000| PB 0x000000008b800000| Untracked 
|  99|0x000000008b900000, 0x000000008b900000, 0x000000008ba00000|  0%| F|  |TAMS 0x000000008b900000| PB 0x000000008b900000| Untracked 
| 100|0x000000008ba00000, 0x000000008ba00000, 0x000000008bb00000|  0%| F|  |TAMS 0x000000008ba00000| PB 0x000000008ba00000| Untracked 
| 101|0x000000008bb00000, 0x000000008bb00000, 0x000000008bc00000|  0%| F|  |TAMS 0x000000008bb00000| PB 0x000000008bb00000| Untracked 
| 102|0x000000008bc00000, 0x000000008bc00000, 0x000000008bd00000|  0%| F|  |TAMS 0x000000008bc00000| PB 0x000000008bc00000| Untracked 
| 103|0x000000008bd00000, 0x000000008bd00000, 0x000000008be00000|  0%| F|  |TAMS 0x000000008bd00000| PB 0x000000008bd00000| Untracked 
| 104|0x000000008be00000, 0x000000008be00000, 0x000000008bf00000|  0%| F|  |TAMS 0x000000008be00000| PB 0x000000008be00000| Untracked 
| 105|0x000000008bf00000, 0x000000008bf00000, 0x000000008c000000|  0%| F|  |TAMS 0x000000008bf00000| PB 0x000000008bf00000| Untracked 
| 106|0x000000008c000000, 0x000000008c000000, 0x000000008c100000|  0%| F|  |TAMS 0x000000008c000000| PB 0x000000008c000000| Untracked 
| 107|0x000000008c100000, 0x000000008c100000, 0x000000008c200000|  0%| F|  |TAMS 0x000000008c100000| PB 0x000000008c100000| Untracked 
| 108|0x000000008c200000, 0x000000008c200000, 0x000000008c300000|  0%| F|  |TAMS 0x000000008c200000| PB 0x000000008c200000| Untracked 
| 109|0x000000008c300000, 0x000000008c300000, 0x000000008c400000|  0%| F|  |TAMS 0x000000008c300000| PB 0x000000008c300000| Untracked 
| 110|0x000000008c400000, 0x000000008c400000, 0x000000008c500000|  0%| F|  |TAMS 0x000000008c400000| PB 0x000000008c400000| Untracked 
| 111|0x000000008c500000, 0x000000008c500000, 0x000000008c600000|  0%| F|  |TAMS 0x000000008c500000| PB 0x000000008c500000| Untracked 
| 112|0x000000008c600000, 0x000000008c600000, 0x000000008c700000|  0%| F|  |TAMS 0x000000008c600000| PB 0x000000008c600000| Untracked 
| 113|0x000000008c700000, 0x000000008c700000, 0x000000008c800000|  0%| F|  |TAMS 0x000000008c700000| PB 0x000000008c700000| Untracked 
| 114|0x000000008c800000, 0x000000008c800000, 0x000000008c900000|  0%| F|  |TAMS 0x000000008c800000| PB 0x000000008c800000| Untracked 
| 115|0x000000008c900000, 0x000000008ca00000, 0x000000008ca00000|100%|HS|  |TAMS 0x000000008ca00000| PB 0x000000008c900000| Complete 
| 116|0x000000008ca00000, 0x000000008cb00000, 0x000000008cb00000|100%|HC|  |TAMS 0x000000008cb00000| PB 0x000000008ca00000| Complete 
| 117|0x000000008cb00000, 0x000000008cc00000, 0x000000008cc00000|100%|HC|  |TAMS 0x000000008cc00000| PB 0x000000008cb00000| Complete 
| 118|0x000000008cc00000, 0x000000008cd00000, 0x000000008cd00000|100%|HC|  |TAMS 0x000000008cd00000| PB 0x000000008cc00000| Complete 
| 119|0x000000008cd00000, 0x000000008ce00000, 0x000000008ce00000|100%|HC|  |TAMS 0x000000008ce00000| PB 0x000000008cd00000| Complete 
| 120|0x000000008ce00000, 0x000000008cf00000, 0x000000008cf00000|100%|HC|  |TAMS 0x000000008cf00000| PB 0x000000008ce00000| Complete 
| 121|0x000000008cf00000, 0x000000008d000000, 0x000000008d000000|100%|HC|  |TAMS 0x000000008d000000| PB 0x000000008cf00000| Complete 
| 122|0x000000008d000000, 0x000000008d100000, 0x000000008d100000|100%|HC|  |TAMS 0x000000008d100000| PB 0x000000008d000000| Complete 
| 123|0x000000008d100000, 0x000000008d200000, 0x000000008d200000|100%|HC|  |TAMS 0x000000008d200000| PB 0x000000008d100000| Complete 
| 124|0x000000008d200000, 0x000000008d300000, 0x000000008d300000|100%|HC|  |TAMS 0x000000008d300000| PB 0x000000008d200000| Complete 
| 125|0x000000008d300000, 0x000000008d400000, 0x000000008d400000|100%|HC|  |TAMS 0x000000008d400000| PB 0x000000008d300000| Complete 
| 126|0x000000008d400000, 0x000000008d500000, 0x000000008d500000|100%|HC|  |TAMS 0x000000008d500000| PB 0x000000008d400000| Complete 
| 127|0x000000008d500000, 0x000000008d600000, 0x000000008d600000|100%|HC|  |TAMS 0x000000008d600000| PB 0x000000008d500000| Complete 
| 128|0x000000008d600000, 0x000000008d700000, 0x000000008d700000|100%|HC|  |TAMS 0x000000008d700000| PB 0x000000008d600000| Complete 
| 129|0x000000008d700000, 0x000000008d800000, 0x000000008d800000|100%|HC|  |TAMS 0x000000008d800000| PB 0x000000008d700000| Complete 
| 130|0x000000008d800000, 0x000000008d900000, 0x000000008d900000|100%|HC|  |TAMS 0x000000008d900000| PB 0x000000008d800000| Complete 
| 131|0x000000008d900000, 0x000000008da00000, 0x000000008da00000|100%|HC|  |TAMS 0x000000008da00000| PB 0x000000008d900000| Complete 
| 132|0x000000008da00000, 0x000000008db00000, 0x000000008db00000|100%|HC|  |TAMS 0x000000008db00000| PB 0x000000008da00000| Complete 
| 133|0x000000008db00000, 0x000000008dc00000, 0x000000008dc00000|100%|HC|  |TAMS 0x000000008dc00000| PB 0x000000008db00000| Complete 
| 134|0x000000008dc00000, 0x000000008dd00000, 0x000000008dd00000|100%|HC|  |TAMS 0x000000008dd00000| PB 0x000000008dc00000| Complete 
| 135|0x000000008dd00000, 0x000000008de00000, 0x000000008de00000|100%|HC|  |TAMS 0x000000008de00000| PB 0x000000008dd00000| Complete 
| 136|0x000000008de00000, 0x000000008df00000, 0x000000008df00000|100%|HC|  |TAMS 0x000000008df00000| PB 0x000000008de00000| Complete 
| 137|0x000000008df00000, 0x000000008e000000, 0x000000008e000000|100%|HC|  |TAMS 0x000000008e000000| PB 0x000000008df00000| Complete 
| 138|0x000000008e000000, 0x000000008e100000, 0x000000008e100000|100%|HC|  |TAMS 0x000000008e100000| PB 0x000000008e000000| Complete 
| 139|0x000000008e100000, 0x000000008e200000, 0x000000008e200000|100%|HC|  |TAMS 0x000000008e200000| PB 0x000000008e100000| Complete 
| 140|0x000000008e200000, 0x000000008e300000, 0x000000008e300000|100%|HC|  |TAMS 0x000000008e300000| PB 0x000000008e200000| Complete 
| 141|0x000000008e300000, 0x000000008e400000, 0x000000008e400000|100%|HC|  |TAMS 0x000000008e400000| PB 0x000000008e300000| Complete 
| 142|0x000000008e400000, 0x000000008e500000, 0x000000008e500000|100%|HC|  |TAMS 0x000000008e500000| PB 0x000000008e400000| Complete 
| 143|0x000000008e500000, 0x000000008e600000, 0x000000008e600000|100%|HC|  |TAMS 0x000000008e600000| PB 0x000000008e500000| Complete 
| 144|0x000000008e600000, 0x000000008e700000, 0x000000008e700000|100%|HC|  |TAMS 0x000000008e700000| PB 0x000000008e600000| Complete 
| 145|0x000000008e700000, 0x000000008e800000, 0x000000008e800000|100%|HC|  |TAMS 0x000000008e800000| PB 0x000000008e700000| Complete 
| 146|0x000000008e800000, 0x000000008e900000, 0x000000008e900000|100%|HC|  |TAMS 0x000000008e900000| PB 0x000000008e800000| Complete 
| 147|0x000000008e900000, 0x000000008ea00000, 0x000000008ea00000|100%|HC|  |TAMS 0x000000008ea00000| PB 0x000000008e900000| Complete 
| 148|0x000000008ea00000, 0x000000008eb00000, 0x000000008eb00000|100%|HC|  |TAMS 0x000000008eb00000| PB 0x000000008ea00000| Complete 
| 149|0x000000008eb00000, 0x000000008ec00000, 0x000000008ec00000|100%|HC|  |TAMS 0x000000008ec00000| PB 0x000000008eb00000| Complete 
| 150|0x000000008ec00000, 0x000000008ed00000, 0x000000008ed00000|100%|HC|  |TAMS 0x000000008ed00000| PB 0x000000008ec00000| Complete 
| 151|0x000000008ed00000, 0x000000008ee00000, 0x000000008ee00000|100%|HC|  |TAMS 0x000000008ee00000| PB 0x000000008ed00000| Complete 
| 152|0x000000008ee00000, 0x000000008ef00000, 0x000000008ef00000|100%|HC|  |TAMS 0x000000008ef00000| PB 0x000000008ee00000| Complete 
| 153|0x000000008ef00000, 0x000000008f000000, 0x000000008f000000|100%|HC|  |TAMS 0x000000008f000000| PB 0x000000008ef00000| Complete 
| 154|0x000000008f000000, 0x000000008f100000, 0x000000008f100000|100%|HC|  |TAMS 0x000000008f100000| PB 0x000000008f000000| Complete 
| 155|0x000000008f100000, 0x000000008f200000, 0x000000008f200000|100%|HC|  |TAMS 0x000000008f200000| PB 0x000000008f100000| Complete 
| 156|0x000000008f200000, 0x000000008f300000, 0x000000008f300000|100%|HC|  |TAMS 0x000000008f300000| PB 0x000000008f200000| Complete 
| 157|0x000000008f300000, 0x000000008f400000, 0x000000008f400000|100%|HC|  |TAMS 0x000000008f400000| PB 0x000000008f300000| Complete 
| 158|0x000000008f400000, 0x000000008f500000, 0x000000008f500000|100%|HC|  |TAMS 0x000000008f500000| PB 0x000000008f400000| Complete 
| 159|0x000000008f500000, 0x000000008f600000, 0x000000008f600000|100%|HC|  |TAMS 0x000000008f600000| PB 0x000000008f500000| Complete 
| 160|0x000000008f600000, 0x000000008f700000, 0x000000008f700000|100%|HC|  |TAMS 0x000000008f700000| PB 0x000000008f600000| Complete 
| 161|0x000000008f700000, 0x000000008f800000, 0x000000008f800000|100%|HC|  |TAMS 0x000000008f800000| PB 0x000000008f700000| Complete 
| 162|0x000000008f800000, 0x000000008f900000, 0x000000008f900000|100%|HC|  |TAMS 0x000000008f900000| PB 0x000000008f800000| Complete 
| 163|0x000000008f900000, 0x000000008fa00000, 0x000000008fa00000|100%|HC|  |TAMS 0x000000008fa00000| PB 0x000000008f900000| Complete 
| 164|0x000000008fa00000, 0x000000008fb00000, 0x000000008fb00000|100%|HC|  |TAMS 0x000000008fb00000| PB 0x000000008fa00000| Complete 
| 165|0x000000008fb00000, 0x000000008fc00000, 0x000000008fc00000|100%|HC|  |TAMS 0x000000008fc00000| PB 0x000000008fb00000| Complete 
| 166|0x000000008fc00000, 0x000000008fd00000, 0x000000008fd00000|100%|HC|  |TAMS 0x000000008fd00000| PB 0x000000008fc00000| Complete 
| 167|0x000000008fd00000, 0x000000008fe00000, 0x000000008fe00000|100%|HC|  |TAMS 0x000000008fe00000| PB 0x000000008fd00000| Complete 
| 168|0x000000008fe00000, 0x000000008ff00000, 0x000000008ff00000|100%|HC|  |TAMS 0x000000008ff00000| PB 0x000000008fe00000| Complete 
| 169|0x000000008ff00000, 0x0000000090000000, 0x0000000090000000|100%|HC|  |TAMS 0x0000000090000000| PB 0x000000008ff00000| Complete 
| 170|0x0000000090000000, 0x0000000090100000, 0x0000000090100000|100%|HC|  |TAMS 0x0000000090100000| PB 0x0000000090000000| Complete 
| 171|0x0000000090100000, 0x0000000090200000, 0x0000000090200000|100%|HC|  |TAMS 0x0000000090200000| PB 0x0000000090100000| Complete 
| 172|0x0000000090200000, 0x0000000090300000, 0x0000000090300000|100%|HC|  |TAMS 0x0000000090300000| PB 0x0000000090200000| Complete 
| 173|0x0000000090300000, 0x0000000090400000, 0x0000000090400000|100%|HC|  |TAMS 0x0000000090400000| PB 0x0000000090300000| Complete 
| 174|0x0000000090400000, 0x0000000090500000, 0x0000000090500000|100%|HC|  |TAMS 0x0000000090500000| PB 0x0000000090400000| Complete 
| 175|0x0000000090500000, 0x0000000090600000, 0x0000000090600000|100%|HC|  |TAMS 0x0000000090600000| PB 0x0000000090500000| Complete 
| 176|0x0000000090600000, 0x0000000090700000, 0x0000000090700000|100%|HC|  |TAMS 0x0000000090700000| PB 0x0000000090600000| Complete 
| 177|0x0000000090700000, 0x0000000090800000, 0x0000000090800000|100%|HC|  |TAMS 0x0000000090800000| PB 0x0000000090700000| Complete 
| 178|0x0000000090800000, 0x0000000090900000, 0x0000000090900000|100%|HC|  |TAMS 0x0000000090900000| PB 0x0000000090800000| Complete 
| 179|0x0000000090900000, 0x0000000090a00000, 0x0000000090a00000|100%|HC|  |TAMS 0x0000000090a00000| PB 0x0000000090900000| Complete 
| 180|0x0000000090a00000, 0x0000000090b00000, 0x0000000090b00000|100%|HC|  |TAMS 0x0000000090b00000| PB 0x0000000090a00000| Complete 
| 181|0x0000000090b00000, 0x0000000090c00000, 0x0000000090c00000|100%|HC|  |TAMS 0x0000000090c00000| PB 0x0000000090b00000| Complete 
| 182|0x0000000090c00000, 0x0000000090d00000, 0x0000000090d00000|100%|HC|  |TAMS 0x0000000090d00000| PB 0x0000000090c00000| Complete 
| 183|0x0000000090d00000, 0x0000000090e00000, 0x0000000090e00000|100%|HC|  |TAMS 0x0000000090e00000| PB 0x0000000090d00000| Complete 
| 184|0x0000000090e00000, 0x0000000090f00000, 0x0000000090f00000|100%|HC|  |TAMS 0x0000000090f00000| PB 0x0000000090e00000| Complete 
| 185|0x0000000090f00000, 0x0000000091000000, 0x0000000091000000|100%|HC|  |TAMS 0x0000000091000000| PB 0x0000000090f00000| Complete 
| 186|0x0000000091000000, 0x0000000091100000, 0x0000000091100000|100%|HC|  |TAMS 0x0000000091100000| PB 0x0000000091000000| Complete 
| 187|0x0000000091100000, 0x0000000091200000, 0x0000000091200000|100%|HC|  |TAMS 0x0000000091200000| PB 0x0000000091100000| Complete 
| 188|0x0000000091200000, 0x0000000091300000, 0x0000000091300000|100%|HC|  |TAMS 0x0000000091300000| PB 0x0000000091200000| Complete 
| 189|0x0000000091300000, 0x0000000091400000, 0x0000000091400000|100%|HC|  |TAMS 0x0000000091400000| PB 0x0000000091300000| Complete 
| 190|0x0000000091400000, 0x0000000091500000, 0x0000000091500000|100%|HC|  |TAMS 0x0000000091500000| PB 0x0000000091400000| Complete 
| 191|0x0000000091500000, 0x0000000091600000, 0x0000000091600000|100%|HC|  |TAMS 0x0000000091600000| PB 0x0000000091500000| Complete 
| 192|0x0000000091600000, 0x0000000091700000, 0x0000000091700000|100%|HC|  |TAMS 0x0000000091700000| PB 0x0000000091600000| Complete 
| 193|0x0000000091700000, 0x0000000091800000, 0x0000000091800000|100%|HC|  |TAMS 0x0000000091800000| PB 0x0000000091700000| Complete 
| 194|0x0000000091800000, 0x0000000091900000, 0x0000000091900000|100%|HC|  |TAMS 0x0000000091900000| PB 0x0000000091800000| Complete 
| 195|0x0000000091900000, 0x0000000091a00000, 0x0000000091a00000|100%|HC|  |TAMS 0x0000000091a00000| PB 0x0000000091900000| Complete 
| 196|0x0000000091a00000, 0x0000000091b00000, 0x0000000091b00000|100%|HC|  |TAMS 0x0000000091b00000| PB 0x0000000091a00000| Complete 
| 197|0x0000000091b00000, 0x0000000091c00000, 0x0000000091c00000|100%|HC|  |TAMS 0x0000000091c00000| PB 0x0000000091b00000| Complete 
| 198|0x0000000091c00000, 0x0000000091d00000, 0x0000000091d00000|100%|HC|  |TAMS 0x0000000091d00000| PB 0x0000000091c00000| Complete 
| 199|0x0000000091d00000, 0x0000000091e00000, 0x0000000091e00000|100%|HC|  |TAMS 0x0000000091e00000| PB 0x0000000091d00000| Complete 
| 200|0x0000000091e00000, 0x0000000091f00000, 0x0000000091f00000|100%|HC|  |TAMS 0x0000000091f00000| PB 0x0000000091e00000| Complete 
| 201|0x0000000091f00000, 0x0000000092000000, 0x0000000092000000|100%|HC|  |TAMS 0x0000000092000000| PB 0x0000000091f00000| Complete 
| 202|0x0000000092000000, 0x0000000092100000, 0x0000000092100000|100%|HC|  |TAMS 0x0000000092100000| PB 0x0000000092000000| Complete 
| 203|0x0000000092100000, 0x0000000092200000, 0x0000000092200000|100%|HC|  |TAMS 0x0000000092200000| PB 0x0000000092100000| Complete 
| 204|0x0000000092200000, 0x0000000092300000, 0x0000000092300000|100%|HC|  |TAMS 0x0000000092300000| PB 0x0000000092200000| Complete 
| 205|0x0000000092300000, 0x0000000092400000, 0x0000000092400000|100%|HC|  |TAMS 0x0000000092400000| PB 0x0000000092300000| Complete 
| 206|0x0000000092400000, 0x0000000092500000, 0x0000000092500000|100%|HC|  |TAMS 0x0000000092500000| PB 0x0000000092400000| Complete 
| 207|0x0000000092500000, 0x0000000092600000, 0x0000000092600000|100%|HC|  |TAMS 0x0000000092600000| PB 0x0000000092500000| Complete 
| 208|0x0000000092600000, 0x0000000092700000, 0x0000000092700000|100%|HC|  |TAMS 0x0000000092700000| PB 0x0000000092600000| Complete 
| 209|0x0000000092700000, 0x0000000092800000, 0x0000000092800000|100%|HC|  |TAMS 0x0000000092800000| PB 0x0000000092700000| Complete 
| 210|0x0000000092800000, 0x0000000092900000, 0x0000000092900000|100%|HC|  |TAMS 0x0000000092900000| PB 0x0000000092800000| Complete 
| 211|0x0000000092900000, 0x0000000092a00000, 0x0000000092a00000|100%|HC|  |TAMS 0x0000000092a00000| PB 0x0000000092900000| Complete 
| 212|0x0000000092a00000, 0x0000000092b00000, 0x0000000092b00000|100%|HC|  |TAMS 0x0000000092b00000| PB 0x0000000092a00000| Complete 
| 213|0x0000000092b00000, 0x0000000092c00000, 0x0000000092c00000|100%|HC|  |TAMS 0x0000000092c00000| PB 0x0000000092b00000| Complete 
| 214|0x0000000092c00000, 0x0000000092d00000, 0x0000000092d00000|100%|HC|  |TAMS 0x0000000092d00000| PB 0x0000000092c00000| Complete 
| 215|0x0000000092d00000, 0x0000000092e00000, 0x0000000092e00000|100%|HC|  |TAMS 0x0000000092e00000| PB 0x0000000092d00000| Complete 
| 216|0x0000000092e00000, 0x0000000092f00000, 0x0000000092f00000|100%|HC|  |TAMS 0x0000000092f00000| PB 0x0000000092e00000| Complete 
| 217|0x0000000092f00000, 0x0000000093000000, 0x0000000093000000|100%|HC|  |TAMS 0x0000000093000000| PB 0x0000000092f00000| Complete 
| 218|0x0000000093000000, 0x0000000093100000, 0x0000000093100000|100%|HC|  |TAMS 0x0000000093100000| PB 0x0000000093000000| Complete 
| 219|0x0000000093100000, 0x0000000093200000, 0x0000000093200000|100%|HC|  |TAMS 0x0000000093200000| PB 0x0000000093100000| Complete 
| 220|0x0000000093200000, 0x0000000093300000, 0x0000000093300000|100%|HC|  |TAMS 0x0000000093300000| PB 0x0000000093200000| Complete 
| 221|0x0000000093300000, 0x0000000093400000, 0x0000000093400000|100%|HC|  |TAMS 0x0000000093400000| PB 0x0000000093300000| Complete 
| 222|0x0000000093400000, 0x0000000093500000, 0x0000000093500000|100%|HC|  |TAMS 0x0000000093500000| PB 0x0000000093400000| Complete 
| 223|0x0000000093500000, 0x0000000093600000, 0x0000000093600000|100%|HC|  |TAMS 0x0000000093600000| PB 0x0000000093500000| Complete 
| 224|0x0000000093600000, 0x0000000093700000, 0x0000000093700000|100%|HC|  |TAMS 0x0000000093700000| PB 0x0000000093600000| Complete 
| 225|0x0000000093700000, 0x0000000093800000, 0x0000000093800000|100%|HC|  |TAMS 0x0000000093800000| PB 0x0000000093700000| Complete 
| 226|0x0000000093800000, 0x0000000093900000, 0x0000000093900000|100%|HC|  |TAMS 0x0000000093900000| PB 0x0000000093800000| Complete 
| 227|0x0000000093900000, 0x0000000093a00000, 0x0000000093a00000|100%|HC|  |TAMS 0x0000000093a00000| PB 0x0000000093900000| Complete 
| 228|0x0000000093a00000, 0x0000000093b00000, 0x0000000093b00000|100%|HC|  |TAMS 0x0000000093b00000| PB 0x0000000093a00000| Complete 
| 229|0x0000000093b00000, 0x0000000093c00000, 0x0000000093c00000|100%|HC|  |TAMS 0x0000000093c00000| PB 0x0000000093b00000| Complete 
| 230|0x0000000093c00000, 0x0000000093d00000, 0x0000000093d00000|100%|HC|  |TAMS 0x0000000093d00000| PB 0x0000000093c00000| Complete 
| 231|0x0000000093d00000, 0x0000000093e00000, 0x0000000093e00000|100%|HC|  |TAMS 0x0000000093e00000| PB 0x0000000093d00000| Complete 
| 232|0x0000000093e00000, 0x0000000093f00000, 0x0000000093f00000|100%|HC|  |TAMS 0x0000000093f00000| PB 0x0000000093e00000| Complete 
| 233|0x0000000093f00000, 0x0000000094000000, 0x0000000094000000|100%|HC|  |TAMS 0x0000000094000000| PB 0x0000000093f00000| Complete 
| 234|0x0000000094000000, 0x0000000094100000, 0x0000000094100000|100%|HC|  |TAMS 0x0000000094100000| PB 0x0000000094000000| Complete 
| 235|0x0000000094100000, 0x0000000094200000, 0x0000000094200000|100%|HC|  |TAMS 0x0000000094200000| PB 0x0000000094100000| Complete 
| 236|0x0000000094200000, 0x0000000094300000, 0x0000000094300000|100%|HC|  |TAMS 0x0000000094300000| PB 0x0000000094200000| Complete 
| 237|0x0000000094300000, 0x0000000094400000, 0x0000000094400000|100%|HC|  |TAMS 0x0000000094400000| PB 0x0000000094300000| Complete 
| 238|0x0000000094400000, 0x0000000094500000, 0x0000000094500000|100%|HC|  |TAMS 0x0000000094500000| PB 0x0000000094400000| Complete 
| 239|0x0000000094500000, 0x0000000094600000, 0x0000000094600000|100%|HC|  |TAMS 0x0000000094600000| PB 0x0000000094500000| Complete 
| 240|0x0000000094600000, 0x0000000094700000, 0x0000000094700000|100%|HC|  |TAMS 0x0000000094700000| PB 0x0000000094600000| Complete 
| 241|0x0000000094700000, 0x0000000094800000, 0x0000000094800000|100%|HC|  |TAMS 0x0000000094800000| PB 0x0000000094700000| Complete 
| 242|0x0000000094800000, 0x0000000094900000, 0x0000000094900000|100%|HC|  |TAMS 0x0000000094900000| PB 0x0000000094800000| Complete 
| 243|0x0000000094900000, 0x0000000094a00000, 0x0000000094a00000|100%|HC|  |TAMS 0x0000000094a00000| PB 0x0000000094900000| Complete 
| 244|0x0000000094a00000, 0x0000000094b00000, 0x0000000094b00000|100%|HC|  |TAMS 0x0000000094b00000| PB 0x0000000094a00000| Complete 
| 245|0x0000000094b00000, 0x0000000094c00000, 0x0000000094c00000|100%|HC|  |TAMS 0x0000000094c00000| PB 0x0000000094b00000| Complete 
| 246|0x0000000094c00000, 0x0000000094d00000, 0x0000000094d00000|100%|HC|  |TAMS 0x0000000094d00000| PB 0x0000000094c00000| Complete 
| 247|0x0000000094d00000, 0x0000000094e00000, 0x0000000094e00000|100%|HC|  |TAMS 0x0000000094e00000| PB 0x0000000094d00000| Complete 
| 248|0x0000000094e00000, 0x0000000094f00000, 0x0000000094f00000|100%|HC|  |TAMS 0x0000000094f00000| PB 0x0000000094e00000| Complete 
| 249|0x0000000094f00000, 0x0000000095000000, 0x0000000095000000|100%|HC|  |TAMS 0x0000000095000000| PB 0x0000000094f00000| Complete 
| 250|0x0000000095000000, 0x0000000095100000, 0x0000000095100000|100%|HC|  |TAMS 0x0000000095100000| PB 0x0000000095000000| Complete 
| 251|0x0000000095100000, 0x0000000095200000, 0x0000000095200000|100%|HC|  |TAMS 0x0000000095200000| PB 0x0000000095100000| Complete 
| 252|0x0000000095200000, 0x0000000095300000, 0x0000000095300000|100%|HC|  |TAMS 0x0000000095300000| PB 0x0000000095200000| Complete 
| 253|0x0000000095300000, 0x0000000095400000, 0x0000000095400000|100%|HC|  |TAMS 0x0000000095400000| PB 0x0000000095300000| Complete 
| 254|0x0000000095400000, 0x0000000095500000, 0x0000000095500000|100%|HC|  |TAMS 0x0000000095500000| PB 0x0000000095400000| Complete 
| 255|0x0000000095500000, 0x0000000095600000, 0x0000000095600000|100%|HC|  |TAMS 0x0000000095600000| PB 0x0000000095500000| Complete 
| 256|0x0000000095600000, 0x0000000095700000, 0x0000000095700000|100%|HC|  |TAMS 0x0000000095700000| PB 0x0000000095600000| Complete 
| 257|0x0000000095700000, 0x0000000095800000, 0x0000000095800000|100%|HC|  |TAMS 0x0000000095800000| PB 0x0000000095700000| Complete 
| 258|0x0000000095800000, 0x0000000095900000, 0x0000000095900000|100%|HC|  |TAMS 0x0000000095900000| PB 0x0000000095800000| Complete 
| 259|0x0000000095900000, 0x0000000095a00000, 0x0000000095a00000|100%|HC|  |TAMS 0x0000000095a00000| PB 0x0000000095900000| Complete 
| 260|0x0000000095a00000, 0x0000000095b00000, 0x0000000095b00000|100%|HC|  |TAMS 0x0000000095b00000| PB 0x0000000095a00000| Complete 
| 261|0x0000000095b00000, 0x0000000095c00000, 0x0000000095c00000|100%|HC|  |TAMS 0x0000000095c00000| PB 0x0000000095b00000| Complete 
| 262|0x0000000095c00000, 0x0000000095d00000, 0x0000000095d00000|100%|HC|  |TAMS 0x0000000095d00000| PB 0x0000000095c00000| Complete 
| 263|0x0000000095d00000, 0x0000000095e00000, 0x0000000095e00000|100%|HC|  |TAMS 0x0000000095e00000| PB 0x0000000095d00000| Complete 
| 264|0x0000000095e00000, 0x0000000095f00000, 0x0000000095f00000|100%|HC|  |TAMS 0x0000000095f00000| PB 0x0000000095e00000| Complete 
| 265|0x0000000095f00000, 0x0000000096000000, 0x0000000096000000|100%|HC|  |TAMS 0x0000000096000000| PB 0x0000000095f00000| Complete 
| 266|0x0000000096000000, 0x0000000096100000, 0x0000000096100000|100%|HC|  |TAMS 0x0000000096100000| PB 0x0000000096000000| Complete 
| 267|0x0000000096100000, 0x0000000096200000, 0x0000000096200000|100%|HC|  |TAMS 0x0000000096200000| PB 0x0000000096100000| Complete 
| 268|0x0000000096200000, 0x0000000096300000, 0x0000000096300000|100%|HC|  |TAMS 0x0000000096300000| PB 0x0000000096200000| Complete 
| 269|0x0000000096300000, 0x0000000096400000, 0x0000000096400000|100%|HC|  |TAMS 0x0000000096400000| PB 0x0000000096300000| Complete 
| 270|0x0000000096400000, 0x0000000096500000, 0x0000000096500000|100%|HC|  |TAMS 0x0000000096500000| PB 0x0000000096400000| Complete 
| 271|0x0000000096500000, 0x0000000096600000, 0x0000000096600000|100%|HC|  |TAMS 0x0000000096600000| PB 0x0000000096500000| Complete 
| 272|0x0000000096600000, 0x0000000096700000, 0x0000000096700000|100%|HC|  |TAMS 0x0000000096700000| PB 0x0000000096600000| Complete 
| 273|0x0000000096700000, 0x0000000096800000, 0x0000000096800000|100%|HC|  |TAMS 0x0000000096800000| PB 0x0000000096700000| Complete 
| 274|0x0000000096800000, 0x0000000096900000, 0x0000000096900000|100%|HC|  |TAMS 0x0000000096900000| PB 0x0000000096800000| Complete 
| 275|0x0000000096900000, 0x0000000096a00000, 0x0000000096a00000|100%|HC|  |TAMS 0x0000000096a00000| PB 0x0000000096900000| Complete 
| 276|0x0000000096a00000, 0x0000000096b00000, 0x0000000096b00000|100%|HC|  |TAMS 0x0000000096b00000| PB 0x0000000096a00000| Complete 
| 277|0x0000000096b00000, 0x0000000096c00000, 0x0000000096c00000|100%|HC|  |TAMS 0x0000000096c00000| PB 0x0000000096b00000| Complete 
| 278|0x0000000096c00000, 0x0000000096d00000, 0x0000000096d00000|100%|HC|  |TAMS 0x0000000096d00000| PB 0x0000000096c00000| Complete 
| 279|0x0000000096d00000, 0x0000000096e00000, 0x0000000096e00000|100%|HC|  |TAMS 0x0000000096e00000| PB 0x0000000096d00000| Complete 
| 280|0x0000000096e00000, 0x0000000096f00000, 0x0000000096f00000|100%|HC|  |TAMS 0x0000000096f00000| PB 0x0000000096e00000| Complete 
| 281|0x0000000096f00000, 0x0000000097000000, 0x0000000097000000|100%|HC|  |TAMS 0x0000000097000000| PB 0x0000000096f00000| Complete 
| 282|0x0000000097000000, 0x0000000097100000, 0x0000000097100000|100%|HC|  |TAMS 0x0000000097100000| PB 0x0000000097000000| Complete 
| 283|0x0000000097100000, 0x0000000097200000, 0x0000000097200000|100%|HC|  |TAMS 0x0000000097200000| PB 0x0000000097100000| Complete 
| 284|0x0000000097200000, 0x0000000097300000, 0x0000000097300000|100%|HC|  |TAMS 0x0000000097300000| PB 0x0000000097200000| Complete 
| 285|0x0000000097300000, 0x0000000097400000, 0x0000000097400000|100%|HC|  |TAMS 0x0000000097400000| PB 0x0000000097300000| Complete 
| 286|0x0000000097400000, 0x0000000097500000, 0x0000000097500000|100%|HC|  |TAMS 0x0000000097500000| PB 0x0000000097400000| Complete 
| 287|0x0000000097500000, 0x0000000097600000, 0x0000000097600000|100%|HC|  |TAMS 0x0000000097600000| PB 0x0000000097500000| Complete 
| 288|0x0000000097600000, 0x0000000097700000, 0x0000000097700000|100%|HC|  |TAMS 0x0000000097700000| PB 0x0000000097600000| Complete 
| 289|0x0000000097700000, 0x0000000097800000, 0x0000000097800000|100%|HC|  |TAMS 0x0000000097800000| PB 0x0000000097700000| Complete 
| 290|0x0000000097800000, 0x0000000097900000, 0x0000000097900000|100%|HC|  |TAMS 0x0000000097900000| PB 0x0000000097800000| Complete 
| 291|0x0000000097900000, 0x0000000097a00000, 0x0000000097a00000|100%|HC|  |TAMS 0x0000000097a00000| PB 0x0000000097900000| Complete 
| 292|0x0000000097a00000, 0x0000000097b00000, 0x0000000097b00000|100%|HC|  |TAMS 0x0000000097b00000| PB 0x0000000097a00000| Complete 
| 293|0x0000000097b00000, 0x0000000097c00000, 0x0000000097c00000|100%|HC|  |TAMS 0x0000000097c00000| PB 0x0000000097b00000| Complete 
| 294|0x0000000097c00000, 0x0000000097d00000, 0x0000000097d00000|100%|HC|  |TAMS 0x0000000097d00000| PB 0x0000000097c00000| Complete 
| 295|0x0000000097d00000, 0x0000000097e00000, 0x0000000097e00000|100%|HC|  |TAMS 0x0000000097e00000| PB 0x0000000097d00000| Complete 
| 296|0x0000000097e00000, 0x0000000097f00000, 0x0000000097f00000|100%|HC|  |TAMS 0x0000000097f00000| PB 0x0000000097e00000| Complete 
| 297|0x0000000097f00000, 0x0000000098000000, 0x0000000098000000|100%|HC|  |TAMS 0x0000000098000000| PB 0x0000000097f00000| Complete 
| 298|0x0000000098000000, 0x0000000098100000, 0x0000000098100000|100%|HC|  |TAMS 0x0000000098100000| PB 0x0000000098000000| Complete 
| 299|0x0000000098100000, 0x0000000098100000, 0x0000000098200000|  0%| F|  |TAMS 0x0000000098100000| PB 0x0000000098100000| Untracked 
| 300|0x0000000098200000, 0x0000000098200000, 0x0000000098300000|  0%| F|  |TAMS 0x0000000098200000| PB 0x0000000098200000| Untracked 
| 301|0x0000000098300000, 0x0000000098300000, 0x0000000098400000|  0%| F|  |TAMS 0x0000000098300000| PB 0x0000000098300000| Untracked 
| 302|0x0000000098400000, 0x0000000098400000, 0x0000000098500000|  0%| F|  |TAMS 0x0000000098400000| PB 0x0000000098400000| Untracked 
| 303|0x0000000098500000, 0x0000000098500000, 0x0000000098600000|  0%| F|  |TAMS 0x0000000098500000| PB 0x0000000098500000| Untracked 
| 304|0x0000000098600000, 0x0000000098600000, 0x0000000098700000|  0%| F|  |TAMS 0x0000000098600000| PB 0x0000000098600000| Untracked 
| 305|0x0000000098700000, 0x0000000098700000, 0x0000000098800000|  0%| F|  |TAMS 0x0000000098700000| PB 0x0000000098700000| Untracked 
| 306|0x0000000098800000, 0x0000000098800000, 0x0000000098900000|  0%| F|  |TAMS 0x0000000098800000| PB 0x0000000098800000| Untracked 
| 307|0x0000000098900000, 0x0000000098900000, 0x0000000098a00000|  0%| F|  |TAMS 0x0000000098900000| PB 0x0000000098900000| Untracked 
| 308|0x0000000098a00000, 0x0000000098a00000, 0x0000000098b00000|  0%| F|  |TAMS 0x0000000098a00000| PB 0x0000000098a00000| Untracked 
| 309|0x0000000098b00000, 0x0000000098b00000, 0x0000000098c00000|  0%| F|  |TAMS 0x0000000098b00000| PB 0x0000000098b00000| Untracked 
| 310|0x0000000098c00000, 0x0000000098c00000, 0x0000000098d00000|  0%| F|  |TAMS 0x0000000098c00000| PB 0x0000000098c00000| Untracked 
| 311|0x0000000098d00000, 0x0000000098d00000, 0x0000000098e00000|  0%| F|  |TAMS 0x0000000098d00000| PB 0x0000000098d00000| Untracked 
| 312|0x0000000098e00000, 0x0000000098e00000, 0x0000000098f00000|  0%| F|  |TAMS 0x0000000098e00000| PB 0x0000000098e00000| Untracked 
| 313|0x0000000098f00000, 0x0000000098f00000, 0x0000000099000000|  0%| F|  |TAMS 0x0000000098f00000| PB 0x0000000098f00000| Untracked 
| 314|0x0000000099000000, 0x0000000099000000, 0x0000000099100000|  0%| F|  |TAMS 0x0000000099000000| PB 0x0000000099000000| Untracked 
| 315|0x0000000099100000, 0x0000000099100000, 0x0000000099200000|  0%| F|  |TAMS 0x0000000099100000| PB 0x0000000099100000| Untracked 
| 316|0x0000000099200000, 0x0000000099200000, 0x0000000099300000|  0%| F|  |TAMS 0x0000000099200000| PB 0x0000000099200000| Untracked 
| 317|0x0000000099300000, 0x0000000099300000, 0x0000000099400000|  0%| F|  |TAMS 0x0000000099300000| PB 0x0000000099300000| Untracked 
| 318|0x0000000099400000, 0x0000000099400000, 0x0000000099500000|  0%| F|  |TAMS 0x0000000099400000| PB 0x0000000099400000| Untracked 
| 319|0x0000000099500000, 0x0000000099500000, 0x0000000099600000|  0%| F|  |TAMS 0x0000000099500000| PB 0x0000000099500000| Untracked 
| 320|0x0000000099600000, 0x0000000099600000, 0x0000000099700000|  0%| F|  |TAMS 0x0000000099600000| PB 0x0000000099600000| Untracked 
| 321|0x0000000099700000, 0x0000000099700000, 0x0000000099800000|  0%| F|  |TAMS 0x0000000099700000| PB 0x0000000099700000| Untracked 
| 322|0x0000000099800000, 0x0000000099800000, 0x0000000099900000|  0%| F|  |TAMS 0x0000000099800000| PB 0x0000000099800000| Untracked 
| 323|0x0000000099900000, 0x0000000099900000, 0x0000000099a00000|  0%| F|  |TAMS 0x0000000099900000| PB 0x0000000099900000| Untracked 
| 324|0x0000000099a00000, 0x0000000099ae9628, 0x0000000099b00000| 91%| S|CS|TAMS 0x0000000099a00000| PB 0x0000000099a00000| Complete 

Card table byte_map: [0x000001641c020000,0x000001641c400000] _byte_map_base: 0x000001641bbf5000

Marking Bits: (CMBitMap*) 0x0000016408fbb2f0
 Bits: [0x000001641c400000, 0x000001641e2a8000)

Polling page: 0x0000016406e40000

Metaspace:

Usage:
  Non-class:      8.43 MB used.
      Class:      1.09 MB used.
       Both:      9.52 MB used.

Virtual space:
  Non-class space:       64.00 MB reserved,       8.56 MB ( 13%) committed,  1 nodes.
      Class space:        1.00 GB reserved,       1.19 MB ( <1%) committed,  1 nodes.
             Both:        1.06 GB reserved,       9.75 MB ( <1%) committed. 

Chunk freelists:
   Non-Class:  7.00 MB
       Class:  14.73 MB
        Both:  21.73 MB

MaxMetaspaceSize: unlimited
CompressedClassSpaceSize: 1.00 GB
Initial GC threshold: 21.00 MB
Current GC threshold: 21.00 MB
CDS: on
 - commit_granule_bytes: 65536.
 - commit_granule_words: 8192.
 - virtual_space_node_default_size: 8388608.
 - enlarge_chunks_in_place: 1.
 - use_allocation_guard: 0.


Internal statistics:

num_allocs_failed_limit: 0.
num_arena_births: 168.
num_arena_deaths: 0.
num_vsnodes_births: 2.
num_vsnodes_deaths: 0.
num_space_committed: 156.
num_space_uncommitted: 0.
num_chunks_returned_to_freelist: 0.
num_chunks_taken_from_freelist: 223.
num_chunk_merges: 0.
num_chunk_splits: 130.
num_chunks_enlarged: 56.
num_inconsistent_stats: 0.

CodeHeap 'non-profiled nmethods': size=120000Kb used=397Kb max_used=404Kb free=119602Kb
 bounds [0x00000164143e0000, 0x0000016414650000, 0x000001641b910000]
CodeHeap 'profiled nmethods': size=120000Kb used=1775Kb max_used=1791Kb free=118224Kb
 bounds [0x000001640c910000, 0x000001640cb80000, 0x0000016413e40000]
CodeHeap 'non-nmethods': size=5760Kb used=1611Kb max_used=1618Kb free=4148Kb
 bounds [0x0000016413e40000, 0x00000164140b0000, 0x00000164143e0000]
CodeCache: size=245760Kb, used=3783Kb, max_used=3813Kb, free=241974Kb
 total_blobs=1818, nmethods=1152, adapters=571, full_count=0
Compilation: enabled, stopped_count=0, restarted_count=0

Compilation events (20 events):
Event: 5.513 Thread 0x0000016420cdfcc0 nmethod 1258 0x0000016414430190 code [0x0000016414430320, 0x00000164144303e8]
Event: 5.514 Thread 0x0000016420cdfcc0 1259       1       java.awt.Component::getY (5 bytes)
Event: 5.514 Thread 0x0000016420cdfcc0 nmethod 1259 0x0000016414437410 code [0x00000164144375a0, 0x0000016414437668]
Event: 5.514 Thread 0x0000016420cdfcc0 1260       3       java.awt.Component::getFont (5 bytes)
Event: 5.514 Thread 0x0000016420cdfcc0 nmethod 1260 0x000001640c97b910 code [0x000001640c97bae0, 0x000001640c97bdf0]
Event: 5.514 Thread 0x0000016420cdfcc0 1261       3       java.awt.geom.AffineTransform::getType (17 bytes)
Event: 5.515 Thread 0x0000016420cdfcc0 nmethod 1261 0x000001640ca80710 code [0x000001640ca808c0, 0x000001640ca80a40]
Event: 5.520 Thread 0x0000016420cdfcc0 1262       3       java.security.AccessControlContext::optimize (319 bytes)
Event: 5.522 Thread 0x0000016420cdfcc0 nmethod 1262 0x000001640caa2410 code [0x000001640caa2700, 0x000001640caa3510]
Event: 5.522 Thread 0x0000016420cdfcc0 1263       3       javax.swing.JComponent::setFlag (34 bytes)
Event: 5.522 Thread 0x0000016420cdfcc0 nmethod 1263 0x000001640c97b510 code [0x000001640c97b6c0, 0x000001640c97b868]
Event: 5.523 Thread 0x0000016420cdfcc0 1264       1       java.awt.geom.Rectangle2D$Double::getX (5 bytes)
Event: 5.523 Thread 0x0000016420cdfcc0 nmethod 1264 0x0000016414437110 code [0x00000164144372a0, 0x0000016414437368]
Event: 5.523 Thread 0x0000016420cdfcc0 1265       1       java.awt.geom.Rectangle2D$Double::getY (5 bytes)
Event: 5.523 Thread 0x0000016420cdfcc0 nmethod 1265 0x0000016414436e10 code [0x0000016414436fa0, 0x0000016414437068]
Event: 5.524 Thread 0x0000016420cdfcc0 1266       3       java.lang.Math::floor (5 bytes)
Event: 5.525 Thread 0x0000016420cdfcc0 nmethod 1266 0x000001640c97b190 code [0x000001640c97b340, 0x000001640c97b458]
Event: 5.525 Thread 0x0000016420cdfcc0 1267       3       java.lang.StrictMath::floor (12 bytes)
Event: 5.525 Thread 0x0000016420cdfcc0 nmethod 1267 0x000001640c97ad10 code [0x000001640c97aee0, 0x000001640c97b010]
Event: 5.527 Thread 0x0000016420cdfcc0 1268       3       javax.swing.JComponent::getFlag (20 bytes)

GC Heap History (13 events):
Event: 1.998 GC heap before
{Heap before GC invocations=0 (full 0):
 garbage-first heap   total 126976K, used 8192K [0x0000000085600000, 0x0000000100000000)
  region size 1024K, 9 young (9216K), 0 survivors (0K)
 Metaspace       used 8084K, committed 8320K, reserved 1114112K
  class space    used 954K, committed 1024K, reserved 1048576K
}
Event: 2.011 GC heap after
{Heap after GC invocations=1 (full 0):
 garbage-first heap   total 126976K, used 2303K [0x0000000085600000, 0x0000000100000000)
  region size 1024K, 3 young (3072K), 3 survivors (3072K)
 Metaspace       used 8084K, committed 8320K, reserved 1114112K
  class space    used 954K, committed 1024K, reserved 1048576K
}
Event: 2.419 GC heap before
{Heap before GC invocations=1 (full 0):
 garbage-first heap   total 306176K, used 211199K [0x0000000085600000, 0x0000000100000000)
  region size 1024K, 24 young (24576K), 3 survivors (3072K)
 Metaspace       used 8215K, committed 8448K, reserved 1114112K
  class space    used 961K, committed 1024K, reserved 1048576K
}
Event: 2.424 GC heap after
{Heap after GC invocations=2 (full 0):
 garbage-first heap   total 306176K, used 191026K [0x0000000085600000, 0x0000000100000000)
  region size 1024K, 1 young (1024K), 1 survivors (1024K)
 Metaspace       used 8215K, committed 8448K, reserved 1114112K
  class space    used 961K, committed 1024K, reserved 1048576K
}
Event: 3.005 GC heap before
{Heap before GC invocations=2 (full 0):
 garbage-first heap   total 306176K, used 286258K [0x0000000085600000, 0x0000000100000000)
  region size 1024K, 95 young (97280K), 1 survivors (1024K)
 Metaspace       used 8218K, committed 8448K, reserved 1114112K
  class space    used 961K, committed 1024K, reserved 1048576K
}
Event: 3.007 GC heap after
{Heap after GC invocations=3 (full 0):
 garbage-first heap   total 306176K, used 190711K [0x0000000085600000, 0x0000000100000000)
  region size 1024K, 1 young (1024K), 1 survivors (1024K)
 Metaspace       used 8218K, committed 8448K, reserved 1114112K
  class space    used 961K, committed 1024K, reserved 1048576K
}
Event: 3.439 GC heap before
{Heap before GC invocations=4 (full 0):
 garbage-first heap   total 321536K, used 266487K [0x0000000085600000, 0x0000000100000000)
  region size 1024K, 77 young (78848K), 1 survivors (1024K)
 Metaspace       used 8243K, committed 8448K, reserved 1114112K
  class space    used 963K, committed 1024K, reserved 1048576K
}
Event: 3.441 GC heap after
{Heap after GC invocations=5 (full 0):
 garbage-first heap   total 321536K, used 190695K [0x0000000085600000, 0x0000000100000000)
  region size 1024K, 1 young (1024K), 1 survivors (1024K)
 Metaspace       used 8243K, committed 8448K, reserved 1114112K
  class space    used 963K, committed 1024K, reserved 1048576K
}
Event: 5.103 GC heap before
{Heap before GC invocations=6 (full 0):
 garbage-first heap   total 324608K, used 195815K [0x0000000085600000, 0x0000000100000000)
  region size 1024K, 5 young (5120K), 1 survivors (1024K)
 Metaspace       used 8579K, committed 8832K, reserved 1114112K
  class space    used 1006K, committed 1152K, reserved 1048576K
}
Event: 5.105 GC heap after
{Heap after GC invocations=7 (full 0):
 garbage-first heap   total 324608K, used 191703K [0x0000000085600000, 0x0000000100000000)
  region size 1024K, 1 young (1024K), 1 survivors (1024K)
 Metaspace       used 8579K, committed 8832K, reserved 1114112K
  class space    used 1006K, committed 1152K, reserved 1048576K
}
Event: 5.469 GC heap before
{Heap before GC invocations=8 (full 0):
 garbage-first heap   total 327680K, used 196823K [0x0000000085600000, 0x0000000100000000)
  region size 1024K, 4 young (4096K), 1 survivors (1024K)
 Metaspace       used 9703K, committed 9920K, reserved 1114112K
  class space    used 1107K, committed 1216K, reserved 1048576K
}
Event: 5.471 GC heap after
{Heap after GC invocations=9 (full 0):
 garbage-first heap   total 327680K, used 195651K [0x0000000085600000, 0x0000000100000000)
  region size 1024K, 1 young (1024K), 1 survivors (1024K)
 Metaspace       used 9703K, committed 9920K, reserved 1114112K
  class space    used 1107K, committed 1216K, reserved 1048576K
}
Event: 5.527 GC heap before
{Heap before GC invocations=10 (full 0):
 garbage-first heap   total 332800K, used 199747K [0x0000000085600000, 0x0000000100000000)
  region size 1024K, 3 young (3072K), 1 survivors (1024K)
 Metaspace       used 9750K, committed 9984K, reserved 1114112K
  class space    used 1113K, committed 1216K, reserved 1048576K
}

Dll operation events (10 events):
Event: 0.023 Loaded shared library C:\Users\user\.p2\pool\plugins\org.eclipse.justj.openjdk.hotspot.jre.full.win32.x86_64_21.0.8.v20250724-1412\jre\bin\java.dll
Event: 0.110 Loaded shared library C:\Users\user\.p2\pool\plugins\org.eclipse.justj.openjdk.hotspot.jre.full.win32.x86_64_21.0.8.v20250724-1412\jre\bin\zip.dll
Event: 0.212 Loaded shared library C:\Users\user\.p2\pool\plugins\org.eclipse.justj.openjdk.hotspot.jre.full.win32.x86_64_21.0.8.v20250724-1412\jre\bin\net.dll
Event: 0.218 Loaded shared library C:\Users\user\.p2\pool\plugins\org.eclipse.justj.openjdk.hotspot.jre.full.win32.x86_64_21.0.8.v20250724-1412\jre\bin\nio.dll
Event: 0.228 Loaded shared library C:\Users\user\.p2\pool\plugins\org.eclipse.justj.openjdk.hotspot.jre.full.win32.x86_64_21.0.8.v20250724-1412\jre\bin\zip.dll
Event: 0.416 Loaded shared library C:\Users\user\.p2\pool\plugins\org.eclipse.justj.openjdk.hotspot.jre.full.win32.x86_64_21.0.8.v20250724-1412\jre\bin\jimage.dll
Event: 0.430 Loaded shared library C:\Users\user\.p2\pool\plugins\org.eclipse.justj.openjdk.hotspot.jre.full.win32.x86_64_21.0.8.v20250724-1412\jre\bin\awt.dll
Event: 1.310 Loaded shared library C:\Users\user\.p2\pool\plugins\org.eclipse.justj.openjdk.hotspot.jre.full.win32.x86_64_21.0.8.v20250724-1412\jre\bin\freetype.dll
Event: 1.312 Loaded shared library C:\Users\user\.p2\pool\plugins\org.eclipse.justj.openjdk.hotspot.jre.full.win32.x86_64_21.0.8.v20250724-1412\jre\bin\fontmanager.dll
Event: 1.987 Loaded shared library C:\Users\user\.p2\pool\plugins\org.eclipse.justj.openjdk.hotspot.jre.full.win32.x86_64_21.0.8.v20250724-1412\jre\bin\javajpeg.dll

Deoptimization events (20 events):
Event: 3.551 Thread 0x00000164670b7a20 DEOPT PACKING pc=0x000001640caa2cde sp=0x0000003b5e3fe500
Event: 3.551 Thread 0x00000164670b7a20 DEOPT UNPACKING pc=0x0000016413e94e42 sp=0x0000003b5e3fd9c0 mode 0
Event: 3.552 Thread 0x00000164670b7a20 DEOPT PACKING pc=0x000001640caa2cde sp=0x0000003b5e3fe500
Event: 3.552 Thread 0x00000164670b7a20 DEOPT UNPACKING pc=0x0000016413e94e42 sp=0x0000003b5e3fd9c0 mode 0
Event: 3.553 Thread 0x00000164670b7a20 DEOPT PACKING pc=0x000001640caa2cde sp=0x0000003b5e3fe500
Event: 3.553 Thread 0x00000164670b7a20 DEOPT UNPACKING pc=0x0000016413e94e42 sp=0x0000003b5e3fd9c0 mode 0
Event: 3.553 Thread 0x00000164670b7a20 Uncommon trap: trap_request=0xffffff9d fr.pc=0x00000164144357f8 relative=0x0000000000000638
Event: 3.553 Thread 0x00000164670b7a20 Uncommon trap: reason=unreached action=reinterpret pc=0x00000164144357f8 method=java.awt.image.AreaAveragingScaleFilter.accumPixels(IIIILjava/awt/image/ColorModel;Ljava/lang/Object;II)V @ 495 c2
Event: 3.553 Thread 0x00000164670b7a20 DEOPT PACKING pc=0x00000164144357f8 sp=0x0000003b5e3fe520
Event: 3.553 Thread 0x00000164670b7a20 DEOPT UNPACKING pc=0x0000016413e946a2 sp=0x0000003b5e3fe4c0 mode 2
Event: 4.906 Thread 0x00000164670b7a20 Uncommon trap: trap_request=0xffffff45 fr.pc=0x0000016414430574 relative=0x0000000000000214
Event: 4.906 Thread 0x00000164670b7a20 Uncommon trap: reason=unstable_if action=reinterpret pc=0x0000016414430574 method=java.awt.ImageMediaEntry.parseflags(I)I @ 23 c2
Event: 4.906 Thread 0x00000164670b7a20 DEOPT PACKING pc=0x0000016414430574 sp=0x0000003b5e3ff230
Event: 4.906 Thread 0x00000164670b7a20 DEOPT UNPACKING pc=0x0000016413e946a2 sp=0x0000003b5e3fee68 mode 2
Event: 5.270 Thread 0x0000016466e87550 Uncommon trap: trap_request=0xffffff45 fr.pc=0x00000164143f17f4 relative=0x0000000000000054
Event: 5.270 Thread 0x0000016466e87550 Uncommon trap: reason=unstable_if action=reinterpret pc=0x00000164143f17f4 method=java.lang.CharacterData.of(I)Ljava/lang/CharacterData; @ 4 c2
Event: 5.270 Thread 0x0000016466e87550 DEOPT PACKING pc=0x00000164143f17f4 sp=0x0000003b5e1fcb70
Event: 5.270 Thread 0x0000016466e87550 DEOPT UNPACKING pc=0x0000016413e946a2 sp=0x0000003b5e1fcb10 mode 2
Event: 5.439 Thread 0x0000016466e87550 DEOPT PACKING pc=0x000001640cac9480 sp=0x0000003b5e1fd4e0
Event: 5.439 Thread 0x0000016466e87550 DEOPT UNPACKING pc=0x0000016413e94e42 sp=0x0000003b5e1fc988 mode 0

Classes loaded (20 events):
Event: 5.446 Loading class java/lang/FdLibm
Event: 5.448 Loading class java/lang/FdLibm done
Event: 5.495 Loading class java/awt/DefaultKeyboardFocusManager$DefaultKeyboardFocusManagerSentEvent
Event: 5.495 Loading class java/awt/SentEvent
Event: 5.496 Loading class java/awt/SentEvent done
Event: 5.496 Loading class java/awt/DefaultKeyboardFocusManager$DefaultKeyboardFocusManagerSentEvent done
Event: 5.496 Loading class sun/awt/WeakIdentityHashMap$WeakKey
Event: 5.497 Loading class sun/awt/WeakIdentityHashMap$WeakKey done
Event: 5.497 Loading class java/util/ArrayList$ListItr
Event: 5.498 Loading class java/util/ArrayList$ListItr done
Event: 5.499 Loading class java/awt/event/FocusEvent$Cause
Event: 5.499 Loading class java/awt/event/FocusEvent$Cause done
Event: 5.500 Loading class sun/awt/KeyboardFocusManagerPeerImpl$KfmAccessor
Event: 5.500 Loading class sun/awt/KeyboardFocusManagerPeerImpl$KfmAccessor done
Event: 5.501 Loading class java/awt/KeyboardFocusManager$HeavyweightFocusRequest
Event: 5.501 Loading class java/awt/KeyboardFocusManager$HeavyweightFocusRequest done
Event: 5.507 Loading class java/awt/DefaultKeyboardFocusManager$TypeAheadMarker
Event: 5.508 Loading class java/awt/DefaultKeyboardFocusManager$TypeAheadMarker done
Event: 5.508 Loading class java/awt/KeyboardFocusManager$LightweightFocusRequest
Event: 5.508 Loading class java/awt/KeyboardFocusManager$LightweightFocusRequest done

Classes unloaded (0 events):
No events

Classes redefined (0 events):
No events

Internal exceptions (20 events):
Event: 0.317 Thread 0x0000016406ca44e0 Exception <a 'java/lang/NoSuchMethodError'{0x000000008cfffd48}: 'java.lang.Object java.lang.invoke.DirectMethodHandle$Holder.invokeInterface(java.lang.Object, java.lang.Object)'> (0x000000008cfffd48) 
thrown [s\src\hotspot\share\interpreter\linkResolver.cpp, line 773]
Event: 0.318 Thread 0x0000016406ca44e0 Exception <a 'java/lang/IncompatibleClassChangeError'{0x000000008ce03230}: Found class java.lang.Object, but interface was expected> (0x000000008ce03230) 
thrown [s\src\hotspot\share\interpreter\linkResolver.cpp, line 840]
Event: 0.319 Thread 0x0000016406ca44e0 Exception <a 'java/lang/NoSuchMethodError'{0x000000008ce05c20}: 'void java.lang.invoke.DirectMethodHandle$Holder.invokeStatic(java.lang.Object, java.lang.Object, java.lang.Object, java.lang.Object)'> (0x000000008ce05c20) 
thrown [s\src\hotspot\share\interpreter\linkResolver.cpp, line 773]
Event: 0.387 Thread 0x0000016406ca44e0 Exception <a 'java/lang/ClassNotFoundException'{0x000000008ced1888}: sun/awt/resources/spi/awtProvider> (0x000000008ced1888) 
thrown [s\src\hotspot\share\classfile\systemDictionary.cpp, line 312]
Event: 0.460 Thread 0x0000016406ca44e0 Exception <a 'java/io/FileNotFoundException'{0x000000008cd1c960}> (0x000000008cd1c960) 
thrown [s\src\hotspot\share\prims\jni.cpp, line 520]
Event: 0.478 Thread 0x0000016406ca44e0 Exception <a 'java/io/FileNotFoundException'{0x000000008cd472e8}> (0x000000008cd472e8) 
thrown [s\src\hotspot\share\prims\jni.cpp, line 520]
Event: 0.923 Thread 0x0000016406ca44e0 Exception <a 'java/lang/NoSuchMethodError'{0x000000008cc77288}: 'java.lang.Object java.lang.invoke.DirectMethodHandle$Holder.newInvokeSpecial(java.lang.Object, java.lang.Object, java.lang.Object, java.lang.Object, java.lang.Object)'> (0x000000008cc77288) 
thrown [s\src\hotspot\share\interpreter\linkResolver.cpp, line 773]
Event: 0.958 Thread 0x0000016406ca44e0 Exception <a 'java/lang/NoSuchMethodError'{0x000000008cca3de8}: 'java.lang.Object java.lang.invoke.DirectMethodHandle$Holder.invokeStatic(java.lang.Object, int, java.lang.Object)'> (0x000000008cca3de8) 
thrown [s\src\hotspot\share\interpreter\linkResolver.cpp, line 773]
Event: 1.074 Thread 0x0000016406ca44e0 Exception <a 'java/lang/ClassNotFoundException'{0x000000008cb4bca8}: com/sun/swing/internal/plaf/metal/resources/spi/metalProvider> (0x000000008cb4bca8) 
thrown [s\src\hotspot\share\classfile\systemDictionary.cpp, line 312]
Event: 1.078 Thread 0x0000016406ca44e0 Exception <a 'java/lang/ClassNotFoundException'{0x000000008cb50768}: com/sun/swing/internal/plaf/basic/resources/spi/basicProvider> (0x000000008cb50768) 
thrown [s\src\hotspot\share\classfile\systemDictionary.cpp, line 312]
Event: 1.088 Thread 0x0000016406ca44e0 Exception <a 'java/lang/NoSuchMethodError'{0x000000008cb60960}: 'void java.lang.invoke.DirectMethodHandle$Holder.invokeStaticInit(java.lang.Object)'> (0x000000008cb60960) 
thrown [s\src\hotspot\share\interpreter\linkResolver.cpp, line 773]
Event: 1.146 Thread 0x0000016406ca44e0 Exception <a 'java/lang/ClassNotFoundException'{0x000000008cbbbf90}: com/sun/java/swing/plaf/windows/resources/spi/windowsProvider> (0x000000008cbbbf90) 
thrown [s\src\hotspot\share\classfile\systemDictionary.cpp, line 312]
Event: 1.172 Thread 0x0000016406ca44e0 Exception <a 'java/lang/NoSuchMethodError'{0x000000008cbc6720}: 'java.lang.Object java.lang.invoke.DirectMethodHandle$Holder.invokeStatic(java.lang.Object, java.lang.Object, int, java.lang.Object)'> (0x000000008cbc6720) 
thrown [s\src\hotspot\share\interpreter\linkResolver.cpp, line 773]
Event: 1.174 Thread 0x0000016406ca44e0 Exception <a 'java/lang/NoSuchMethodError'{0x000000008cbcc9c0}: 'java.lang.Object java.lang.invoke.DirectMethodHandle$Holder.newInvokeSpecial(java.lang.Object, java.lang.Object, int)'> (0x000000008cbcc9c0) 
thrown [s\src\hotspot\share\interpreter\linkResolver.cpp, line 773]
Event: 1.480 Thread 0x0000016466e87550 Implicit null exception at 0x00000164144171ad to 0x0000016414417c5c
Event: 1.494 Thread 0x0000016466e87550 Exception <a 'java/lang/NoSuchMethodError'{0x000000008ca69d68}: 'int java.lang.invoke.Invokers$Holder.invokeExact_MT(java.lang.Object, java.lang.Object)'> (0x000000008ca69d68) 
thrown [s\src\hotspot\share\interpreter\linkResolver.cpp, line 773]
Event: 1.536 Thread 0x0000016466e87550 Implicit null exception at 0x00000164143f82bd to 0x00000164143f8341
Event: 1.614 Thread 0x000001646636aba0 Exception <a 'java/lang/NoSuchMethodError'{0x000000008cc0e788}: 'void java.lang.invoke.DirectMethodHandle$Holder.invokeVirtual(java.lang.Object, java.lang.Object)'> (0x000000008cc0e788) 
thrown [s\src\hotspot\share\interpreter\linkResolver.cpp, line 773]
Event: 1.990 Thread 0x00000164670b7a20 Exception <a 'java/lang/NoSuchMethodError'{0x000000008c981408}: 'java.lang.Object java.lang.invoke.DirectMethodHandle$Holder.newInvokeSpecial(java.lang.Object, java.lang.Object, java.lang.Object, int, int, int, int, int)'> (0x000000008c981408) 
thrown [s\src\hotspot\share\interpreter\linkResolver.cpp, line 773]
Event: 5.081 Thread 0x0000016466e87550 Exception <a 'java/lang/NoSuchMethodError'{0x0000000099005348}: 'void java.lang.invoke.DirectMethodHandle$Holder.invokeStatic(java.lang.Object, java.lang.Object, java.lang.Object)'> (0x0000000099005348) 
thrown [s\src\hotspot\share\interpreter\linkResolver.cpp, line 773]

ZGC Phase Switch (0 events):
No events

VM Operations (20 events):
Event: 3.450 Executing VM operation: G1PauseCleanup done
Event: 4.463 Executing VM operation: Cleanup
Event: 4.463 Executing VM operation: Cleanup done
Event: 5.103 Executing VM operation: G1TryInitiateConcMark (G1 Humongous Allocation)
Event: 5.105 Executing VM operation: G1TryInitiateConcMark (G1 Humongous Allocation) done
Event: 5.109 Executing VM operation: G1PauseRemark
Event: 5.111 Executing VM operation: G1PauseRemark done
Event: 5.112 Executing VM operation: G1PauseCleanup
Event: 5.112 Executing VM operation: G1PauseCleanup done
Event: 5.272 Executing VM operation: HandshakeAllThreads (Deoptimize)
Event: 5.273 Executing VM operation: HandshakeAllThreads (Deoptimize) done
Event: 5.469 Executing VM operation: G1TryInitiateConcMark (G1 Humongous Allocation)
Event: 5.471 Executing VM operation: G1TryInitiateConcMark (G1 Humongous Allocation) done
Event: 5.474 Executing VM operation: G1PauseRemark
Event: 5.476 Executing VM operation: G1PauseRemark done
Event: 5.478 Executing VM operation: G1PauseCleanup
Event: 5.478 Executing VM operation: G1PauseCleanup done
Event: 5.498 Executing VM operation: HandshakeAllThreads (Deoptimize)
Event: 5.499 Executing VM operation: HandshakeAllThreads (Deoptimize) done
Event: 5.527 Executing VM operation: G1TryInitiateConcMark (G1 Humongous Allocation)

Memory protections (0 events):
No events

Nmethod flushes (20 events):
Event: 5.110 Thread 0x0000016420cc31a0 flushing  nmethod 0x000001640ca9ef10
Event: 5.110 Thread 0x0000016420cc31a0 flushing  nmethod 0x000001640ca9f490
Event: 5.110 Thread 0x0000016420cc31a0 flushing  nmethod 0x000001640ca7e690
Event: 5.110 Thread 0x0000016420cc31a0 flushing  nmethod 0x000001640ca7ea10
Event: 5.110 Thread 0x0000016420cc31a0 flushing  nmethod 0x000001640ca7fa10
Event: 5.110 Thread 0x0000016420cc31a0 flushing  nmethod 0x000001640ca93b10
Event: 5.475 Thread 0x0000016420cc31a0 flushing osr nmethod 0x0000016414434f10
Event: 5.475 Thread 0x0000016420cc31a0 flushing  nmethod 0x000001640c91a110
Event: 5.475 Thread 0x0000016420cc31a0 flushing  nmethod 0x000001640c957a90
Event: 5.475 Thread 0x0000016420cc31a0 flushing  nmethod 0x000001640c995f10
Event: 5.475 Thread 0x0000016420cc31a0 flushing  nmethod 0x000001640c910010
Event: 5.476 Thread 0x0000016420cc31a0 flushing  nmethod 0x000001640c9ce590
Event: 5.476 Thread 0x0000016420cc31a0 flushing  nmethod 0x000001640ca80710
Event: 5.476 Thread 0x0000016420cc31a0 flushing  nmethod 0x000001640ca66b90
Event: 5.476 Thread 0x0000016420cc31a0 flushing  nmethod 0x0000016414430190
Event: 5.476 Thread 0x0000016420cc31a0 flushing osr nmethod 0x000001640ca9fa10
Event: 5.476 Thread 0x0000016420cc31a0 flushing  nmethod 0x000001640caa1a90
Event: 5.476 Thread 0x0000016420cc31a0 flushing  nmethod 0x000001640caa3510
Event: 5.476 Thread 0x0000016420cc31a0 flushing osr nmethod 0x000001640c97ad10
Event: 5.476 Thread 0x0000016420cc31a0 flushing  nmethod 0x000001640ca57a90

Events (19 events):
Event: 0.064 Thread 0x0000016406ca44e0 Thread added: 0x0000016406ca44e0
Event: 0.115 Thread 0x0000016406ca44e0 Thread added: 0x0000016420cd49b0
Event: 0.115 Thread 0x0000016406ca44e0 Thread added: 0x0000016420cd5400
Event: 0.116 Thread 0x0000016406ca44e0 Thread added: 0x0000016420cdb0d0
Event: 0.117 Thread 0x0000016406ca44e0 Thread added: 0x0000016420cdbed0
Event: 0.117 Thread 0x0000016406ca44e0 Thread added: 0x0000016420cdc920
Event: 0.117 Thread 0x0000016406ca44e0 Thread added: 0x0000016420cdd370
Event: 0.117 Thread 0x0000016406ca44e0 Thread added: 0x0000016420cdf100
Event: 0.118 Thread 0x0000016406ca44e0 Thread added: 0x0000016420cdfcc0
Event: 0.183 Thread 0x0000016406ca44e0 Thread added: 0x0000016420caf950
Event: 0.341 Thread 0x0000016406ca44e0 Thread added: 0x0000016466258310
Event: 0.586 Thread 0x0000016406ca44e0 Thread added: 0x0000016466365ca0
Event: 0.592 Thread 0x0000016406ca44e0 Thread added: 0x0000016466366300
Event: 0.600 Thread 0x0000016406ca44e0 Thread added: 0x000001646636aba0
Event: 1.197 Thread 0x0000016406ca44e0 Thread added: 0x0000016466e87550
Event: 1.198 Thread 0x0000016406ca44e0 Thread exited: 0x0000016406ca44e0
Event: 1.198 Thread 0x0000016406ca44e0 Thread added: 0x0000016406ca44e0
Event: 1.519 Thread 0x0000016466e87550 Thread added: 0x00000164660b4650
Event: 1.983 Thread 0x0000016466e87550 Thread added: 0x00000164670b7a20


Dynamic libraries:
0x00007ff7f34f0000 - 0x00007ff7f34fe000 	C:\Users\user\.p2\pool\plugins\org.eclipse.justj.openjdk.hotspot.jre.full.win32.x86_64_21.0.8.v20250724-1412\jre\bin\javaw.exe
0x00007ffae5970000 - 0x00007ffae5b84000 	C:\Windows\SYSTEM32\ntdll.dll
0x00007ffae4fc0000 - 0x00007ffae5083000 	C:\Windows\System32\KERNEL32.DLL
0x00007ffae31c0000 - 0x00007ffae355d000 	C:\Windows\System32\KERNELBASE.dll
0x00007ffae2f00000 - 0x00007ffae3011000 	C:\Windows\System32\ucrtbase.dll
0x00007ffac4820000 - 0x00007ffac483e000 	C:\Users\user\.p2\pool\plugins\org.eclipse.justj.openjdk.hotspot.jre.full.win32.x86_64_21.0.8.v20250724-1412\jre\bin\VCRUNTIME140.dll
0x00007ffac6d60000 - 0x00007ffac6d78000 	C:\Users\user\.p2\pool\plugins\org.eclipse.justj.openjdk.hotspot.jre.full.win32.x86_64_21.0.8.v20250724-1412\jre\bin\jli.dll
0x00007ffae4d50000 - 0x00007ffae4efd000 	C:\Windows\System32\USER32.dll
0x00007ffae2090000 - 0x00007ffae231e000 	C:\Windows\WinSxS\amd64_microsoft.windows.common-controls_6595b64144ccf1df_6.0.22621.608_none_a9444ca7c10bb01d\COMCTL32.dll
0x00007ffae5260000 - 0x00007ffae5307000 	C:\Windows\System32\msvcrt.dll
0x00007ffae4ba0000 - 0x00007ffae4bc9000 	C:\Windows\System32\GDI32.dll
0x00007ffae30a0000 - 0x00007ffae31b2000 	C:\Windows\System32\gdi32full.dll
0x00007ffae3650000 - 0x00007ffae36ea000 	C:\Windows\System32\msvcp_win.dll
0x00007ffae3620000 - 0x00007ffae3646000 	C:\Windows\System32\win32u.dll
0x00007ffae4810000 - 0x00007ffae4842000 	C:\Windows\System32\IMM32.DLL
0x00007ffadec10000 - 0x00007ffadec1c000 	C:\Users\user\.p2\pool\plugins\org.eclipse.justj.openjdk.hotspot.jre.full.win32.x86_64_21.0.8.v20250724-1412\jre\bin\vcruntime140_1.dll
0x00007ffa926e0000 - 0x00007ffa9276d000 	C:\Users\user\.p2\pool\plugins\org.eclipse.justj.openjdk.hotspot.jre.full.win32.x86_64_21.0.8.v20250724-1412\jre\bin\msvcp140.dll
0x00007ffa46be0000 - 0x00007ffa47977000 	C:\Users\user\.p2\pool\plugins\org.eclipse.justj.openjdk.hotspot.jre.full.win32.x86_64_21.0.8.v20250724-1412\jre\bin\server\jvm.dll
0x00007ffae4a90000 - 0x00007ffae4b3e000 	C:\Windows\System32\ADVAPI32.dll
0x00007ffae3770000 - 0x00007ffae3814000 	C:\Windows\System32\sechost.dll
0x00007ffae4850000 - 0x00007ffae4965000 	C:\Windows\System32\RPCRT4.dll
0x00007ffae5790000 - 0x00007ffae5801000 	C:\Windows\System32\WS2_32.dll
0x00007ffadeed0000 - 0x00007ffadef04000 	C:\Windows\SYSTEM32\WINMM.dll
0x00007ffae1610000 - 0x00007ffae161a000 	C:\Windows\SYSTEM32\VERSION.dll
0x00007ffae2bb0000 - 0x00007ffae2bfd000 	C:\Windows\SYSTEM32\POWRPROF.dll
0x00007ffae2a90000 - 0x00007ffae2aa3000 	C:\Windows\SYSTEM32\UMPDC.dll
0x00007ffae0e90000 - 0x00007ffae0ea8000 	C:\Windows\SYSTEM32\kernel.appcore.dll
0x00007ffad6ba0000 - 0x00007ffad6baa000 	C:\Users\user\.p2\pool\plugins\org.eclipse.justj.openjdk.hotspot.jre.full.win32.x86_64_21.0.8.v20250724-1412\jre\bin\jimage.dll
0x00007ffae2610000 - 0x00007ffae283e000 	C:\Windows\SYSTEM32\DBGHELP.DLL
0x00007ffae4480000 - 0x00007ffae480a000 	C:\Windows\System32\combase.dll
0x00007ffae3ad0000 - 0x00007ffae3ba7000 	C:\Windows\System32\OLEAUT32.dll
0x00007ffae24d0000 - 0x00007ffae2502000 	C:\Windows\SYSTEM32\dbgcore.DLL
0x00007ffae3020000 - 0x00007ffae309b000 	C:\Windows\System32\bcryptPrimitives.dll
0x00007ffac6d30000 - 0x00007ffac6d4f000 	C:\Users\user\.p2\pool\plugins\org.eclipse.justj.openjdk.hotspot.jre.full.win32.x86_64_21.0.8.v20250724-1412\jre\bin\java.dll
0x00007ffae3bb0000 - 0x00007ffae439f000 	C:\Windows\System32\SHELL32.dll
0x00007ffadfe50000 - 0x00007ffae0718000 	C:\Windows\SYSTEM32\windows.storage.dll
0x00007ffadfd10000 - 0x00007ffadfe4e000 	C:\Windows\SYSTEM32\wintypes.dll
0x00007ffae4bd0000 - 0x00007ffae4cc1000 	C:\Windows\System32\SHCORE.dll
0x00007ffae4cd0000 - 0x00007ffae4d2e000 	C:\Windows\System32\shlwapi.dll
0x00007ffae2cc0000 - 0x00007ffae2ce1000 	C:\Windows\SYSTEM32\profapi.dll
0x00007ffabf910000 - 0x00007ffabf928000 	C:\Users\user\.p2\pool\plugins\org.eclipse.justj.openjdk.hotspot.jre.full.win32.x86_64_21.0.8.v20250724-1412\jre\bin\zip.dll
0x00007ffac3430000 - 0x00007ffac3440000 	C:\Users\user\.p2\pool\plugins\org.eclipse.justj.openjdk.hotspot.jre.full.win32.x86_64_21.0.8.v20250724-1412\jre\bin\net.dll
0x00007ffad7e30000 - 0x00007ffad7f5f000 	C:\Windows\SYSTEM32\WINHTTP.dll
0x00007ffae1260000 - 0x00007ffae12c9000 	C:\Windows\system32\mswsock.dll
0x00007ffa8d510000 - 0x00007ffa8d526000 	C:\Users\user\.p2\pool\plugins\org.eclipse.justj.openjdk.hotspot.jre.full.win32.x86_64_21.0.8.v20250724-1412\jre\bin\nio.dll
0x00007ffa5b2d0000 - 0x00007ffa5b45e000 	C:\Users\user\.p2\pool\plugins\org.eclipse.justj.openjdk.hotspot.jre.full.win32.x86_64_21.0.8.v20250724-1412\jre\bin\awt.dll
0x00007ffadf090000 - 0x00007ffadf127000 	C:\Windows\SYSTEM32\apphelp.dll
0x00007ffadf270000 - 0x00007ffadf31b000 	C:\Windows\system32\uxtheme.dll
0x00007ffae5810000 - 0x00007ffae592e000 	C:\Windows\System32\MSCTF.dll
0x00007ffae3920000 - 0x00007ffae3abc000 	C:\Windows\System32\ole32.dll
0x00007ffadf4e0000 - 0x00007ffadf50b000 	C:\Windows\system32\DWMAPI.DLL
0x00007ffa898d0000 - 0x00007ffa899d0000 	C:\Windows\system32\opengl32.dll
0x00007ffac56d0000 - 0x00007ffac56fd000 	C:\Windows\SYSTEM32\GLU32.dll
0x00007ffadf480000 - 0x00007ffadf4b6000 	C:\Windows\SYSTEM32\dxcore.dll
0x00007ffa66fd0000 - 0x00007ffa67057000 	C:\Users\user\.p2\pool\plugins\org.eclipse.justj.openjdk.hotspot.jre.full.win32.x86_64_21.0.8.v20250724-1412\jre\bin\freetype.dll
0x00007ffa648a0000 - 0x00007ffa6498b000 	C:\Users\user\.p2\pool\plugins\org.eclipse.justj.openjdk.hotspot.jre.full.win32.x86_64_21.0.8.v20250724-1412\jre\bin\fontmanager.dll
0x00007ffac6ef0000 - 0x00007ffac701d000 	C:\Windows\SYSTEM32\textinputframework.dll
0x00007ffaa7150000 - 0x00007ffaa717e000 	C:\Users\user\.p2\pool\plugins\org.eclipse.justj.openjdk.hotspot.jre.full.win32.x86_64_21.0.8.v20250724-1412\jre\bin\javajpeg.dll
0x00007ffae4f00000 - 0x00007ffae4fb7000 	C:\Windows\System32\clbcatq.dll
0x00007ffadd540000 - 0x00007ffadd6f0000 	C:\Windows\SYSTEM32\WindowsCodecs.dll
0x00007ffac2860000 - 0x00007ffac28be000 	C:\Windows\system32\dataexchange.dll
0x00007ffad7ae0000 - 0x00007ffad7d4a000 	C:\Windows\system32\twinapi.appcore.dll

JVMTI agents: none

dbghelp: loaded successfully - version: 4.0.5 - missing functions: none
symbol engine: initialized successfully - sym options: 0x614 - pdb path: .;C:\Users\user\.p2\pool\plugins\org.eclipse.justj.openjdk.hotspot.jre.full.win32.x86_64_21.0.8.v20250724-1412\jre\bin;C:\Windows\SYSTEM32;C:\Windows\WinSxS\amd64_microsoft.windows.common-controls_6595b64144ccf1df_6.0.22621.608_none_a9444ca7c10bb01d;C:\Users\user\.p2\pool\plugins\org.eclipse.justj.openjdk.hotspot.jre.full.win32.x86_64_21.0.8.v20250724-1412\jre\bin\server

VM Arguments:
jvm_args: -Dfile.encoding=UTF-8 -Dstdout.encoding=UTF-8 -Dstderr.encoding=UTF-8 --module-path=C:\Users\user\Downloads\mysql-connector-j-9.5.0.jar -XX:+ShowCodeDetailsInExceptionMessages 
java_command: main.Projet
java_class_path (initial): C:\Users\user\Desktop\Sahar Othmeni\gestion_ecole\bin;C:\Users\user\Desktop\Sahar Othmeni\gestion_ecole\com.jgoodies.forms_1.9.0.v20240327-0800.jar
Launcher Type: SUN_STANDARD

[Global flags]
     intx CICompilerCount                          = 4                                         {product} {ergonomic}
     uint ConcGCThreads                            = 2                                         {product} {ergonomic}
     uint G1ConcRefinementThreads                  = 8                                         {product} {ergonomic}
   size_t G1HeapRegionSize                         = 1048576                                   {product} {ergonomic}
    uintx GCDrainStackTargetSize                   = 64                                        {product} {ergonomic}
   size_t InitialHeapSize                          = 130023424                                 {product} {ergonomic}
   size_t MarkStackSize                            = 4194304                                   {product} {ergonomic}
   size_t MaxHeapSize                              = 2057306112                                {product} {ergonomic}
   size_t MaxNewSize                               = 1234173952                                {product} {ergonomic}
   size_t MinHeapDeltaBytes                        = 1048576                                   {product} {ergonomic}
   size_t MinHeapSize                              = 8388608                                   {product} {ergonomic}
    uintx NonNMethodCodeHeapSize                   = 5839372                                {pd product} {ergonomic}
    uintx NonProfiledCodeHeapSize                  = 122909434                              {pd product} {ergonomic}
    uintx ProfiledCodeHeapSize                     = 122909434                              {pd product} {ergonomic}
    uintx ReservedCodeCacheSize                    = 251658240                              {pd product} {ergonomic}
     bool SegmentedCodeCache                       = true                                      {product} {ergonomic}
     bool ShowCodeDetailsInExceptionMessages       = true                                   {manageable} {command line}
   size_t SoftMaxHeapSize                          = 2057306112                             {manageable} {ergonomic}
     bool UseCompressedOops                        = true                           {product lp64_product} {ergonomic}
     bool UseG1GC                                  = true                                      {product} {ergonomic}
     bool UseLargePagesIndividualAllocation        = false                                  {pd product} {ergonomic}

Logging:
Log output configuration:
 #0: stdout all=warning uptime,level,tags foldmultilines=false
 #1: stderr all=off uptime,level,tags foldmultilines=false

Environment Variables:
PATH=C:/Users/user/.p2/pool/plugins/org.eclipse.justj.openjdk.hotspot.jre.full.win32.x86_64_21.0.8.v20250724-1412/jre/bin/server;C:/Users/user/.p2/pool/plugins/org.eclipse.justj.openjdk.hotspot.jre.full.win32.x86_64_21.0.8.v20250724-1412/jre/bin;C:\app\user\product\21c\dbhomeXE\bin;C:\Program Files\Common Files\Oracle\Java\javapath;C:\Program Files (x86)\VMware\VMware Workstation\bin\;C:\Windows\system32;C:\Windows;C:\Windows\System32\Wbem;C:\Windows\System32\WindowsPowerShell\v1.0\;C:\Windows\System32\OpenSSH\;C:\Program Files\Microsoft SQL Server\150\Tools\Binn\;C:\Program Files\dotnet\;C:\Program Files (x86)\Windows Kits\10\Windows Performance Toolkit\;C:\Program Files\nodejs\;C:\xampp\php;C:\composer;C:\Program Files\MySQL\MySQL Shell 8.0\bin\;C:\Users\user\AppData\Local\Microsoft\WindowsApps;C:\Users\user\AppData\Local\Programs\Microsoft VS Code\bin;C:\Users\user\.dotnet\tools;C:\Users\user\AppData\Roaming\npm;C:\Users\user\AppData\Roaming\Composer\vendor\bin;C:\Windows\System32;
USERNAME=user
OS=Windows_NT
PROCESSOR_IDENTIFIER=Intel64 Family 6 Model 190 Stepping 0, GenuineIntel
TMP=C:\Users\user\AppData\Local\Temp
TEMP=C:\Users\user\AppData\Local\Temp




Periodic native trim disabled

---------------  S Y S T E M  ---------------

OS:
 Windows 11 , 64 bit Build 22621 (10.0.22621.1105)
OS uptime: 14 days 1:55 hours
Hyper-V role detected

CPU: total 8 (initial active 8) (8 cores per cpu, 1 threads per core) family 6 model 190 stepping 0 microcode 0x15, cx8, cmov, fxsr, mmx, 3dnowpref, sse, sse2, sse3, ssse3, sse4.1, sse4.2, popcnt, lzcnt, tsc, tscinvbit, avx, avx2, aes, erms, clmul, bmi1, bmi2, adx, sha, fma, vzeroupper, clflush, clflushopt, clwb, hv, serialize, rdtscp, rdpid, fsrm, f16c, cet_ibt, cet_ss
Processor Information for the first 8 processors :
  Max Mhz: 1800, Current Mhz: 1800, Mhz Limit: 1800

Memory: 4k page, system-wide physical 7845M (251M free)
TotalPageFile size 31397M (AvailPageFile size 327M)
current process WorkingSet (physical memory assigned to process): 382M, peak: 382M
current process commit charge ("private bytes"): 434M, peak: 801M

vm_info: OpenJDK 64-Bit Server VM (21.0.8+9-LTS) for windows-amd64 JRE (21.0.8+9-LTS), built on 2025-07-15T00:00:00Z by "admin" with MS VC++ 17.7 (VS2022)

END.
